[2023-01-25 23:17:34,351] {processor.py:153} INFO - Started process (PID=208) to work on /opt/airflow/dags/d_1_finalproject_dag.py
[2023-01-25 23:17:34,353] {processor.py:641} INFO - Processing file /opt/airflow/dags/d_1_finalproject_dag.py for tasks to queue
[2023-01-25 23:17:34,354] {logging_mixin.py:115} INFO - [2023-01-25 23:17:34,354] {dagbag.py:507} INFO - Filling up the DagBag from /opt/airflow/dags/d_1_finalproject_dag.py
[2023-01-25 23:17:34,832] {logging_mixin.py:115} INFO - [2023-01-25 23:17:34,828] {dagbag.py:320} ERROR - Failed to import: /opt/airflow/dags/d_1_finalproject_dag.py
Traceback (most recent call last):
  File "/home/airflow/.local/lib/python3.7/site-packages/airflow/models/dagbag.py", line 317, in parse
    loader.exec_module(new_module)
  File "<frozen importlib._bootstrap_external>", line 728, in exec_module
  File "<frozen importlib._bootstrap>", line 219, in _call_with_frames_removed
  File "/opt/airflow/dags/d_1_finalproject_dag.py", line 114, in <module>
    python_callable=fun_get_data_from_api
  File "/home/airflow/.local/lib/python3.7/site-packages/airflow/models/baseoperator.py", line 390, in apply_defaults
    result = func(self, **kwargs, default_args=default_args)
  File "/home/airflow/.local/lib/python3.7/site-packages/airflow/operators/python.py", line 156, in __init__
    super().__init__(**kwargs)
  File "/home/airflow/.local/lib/python3.7/site-packages/airflow/models/baseoperator.py", line 390, in apply_defaults
    result = func(self, **kwargs, default_args=default_args)
  File "/home/airflow/.local/lib/python3.7/site-packages/airflow/models/baseoperator.py", line 764, in __init__
    task_group.add(self)
  File "/home/airflow/.local/lib/python3.7/site-packages/airflow/utils/task_group.py", line 196, in add
    raise DuplicateTaskIdFound(f"{node_type} id '{key}' has already been added to the DAG")
airflow.exceptions.DuplicateTaskIdFound: Task id 'get_data_from_api' has already been added to the DAG
[2023-01-25 23:17:34,833] {processor.py:653} WARNING - No viable dags retrieved from /opt/airflow/dags/d_1_finalproject_dag.py
[2023-01-25 23:17:34,853] {processor.py:161} INFO - Processing /opt/airflow/dags/d_1_finalproject_dag.py took 0.505 seconds
[2023-01-25 23:18:05,129] {processor.py:153} INFO - Started process (PID=214) to work on /opt/airflow/dags/d_1_finalproject_dag.py
[2023-01-25 23:18:05,132] {processor.py:641} INFO - Processing file /opt/airflow/dags/d_1_finalproject_dag.py for tasks to queue
[2023-01-25 23:18:05,133] {logging_mixin.py:115} INFO - [2023-01-25 23:18:05,133] {dagbag.py:507} INFO - Filling up the DagBag from /opt/airflow/dags/d_1_finalproject_dag.py
[2023-01-25 23:18:05,564] {logging_mixin.py:115} INFO - [2023-01-25 23:18:05,561] {dagbag.py:320} ERROR - Failed to import: /opt/airflow/dags/d_1_finalproject_dag.py
Traceback (most recent call last):
  File "/home/airflow/.local/lib/python3.7/site-packages/airflow/models/dagbag.py", line 317, in parse
    loader.exec_module(new_module)
  File "<frozen importlib._bootstrap_external>", line 728, in exec_module
  File "<frozen importlib._bootstrap>", line 219, in _call_with_frames_removed
  File "/opt/airflow/dags/d_1_finalproject_dag.py", line 114, in <module>
    python_callable=fun_get_data_from_api
  File "/home/airflow/.local/lib/python3.7/site-packages/airflow/models/baseoperator.py", line 390, in apply_defaults
    result = func(self, **kwargs, default_args=default_args)
  File "/home/airflow/.local/lib/python3.7/site-packages/airflow/operators/python.py", line 156, in __init__
    super().__init__(**kwargs)
  File "/home/airflow/.local/lib/python3.7/site-packages/airflow/models/baseoperator.py", line 390, in apply_defaults
    result = func(self, **kwargs, default_args=default_args)
  File "/home/airflow/.local/lib/python3.7/site-packages/airflow/models/baseoperator.py", line 764, in __init__
    task_group.add(self)
  File "/home/airflow/.local/lib/python3.7/site-packages/airflow/utils/task_group.py", line 196, in add
    raise DuplicateTaskIdFound(f"{node_type} id '{key}' has already been added to the DAG")
airflow.exceptions.DuplicateTaskIdFound: Task id 'get_data_from_api' has already been added to the DAG
[2023-01-25 23:18:05,582] {processor.py:653} WARNING - No viable dags retrieved from /opt/airflow/dags/d_1_finalproject_dag.py
[2023-01-25 23:18:05,617] {processor.py:161} INFO - Processing /opt/airflow/dags/d_1_finalproject_dag.py took 0.493 seconds
[2023-01-25 23:18:35,863] {processor.py:153} INFO - Started process (PID=220) to work on /opt/airflow/dags/d_1_finalproject_dag.py
[2023-01-25 23:18:35,866] {processor.py:641} INFO - Processing file /opt/airflow/dags/d_1_finalproject_dag.py for tasks to queue
[2023-01-25 23:18:35,868] {logging_mixin.py:115} INFO - [2023-01-25 23:18:35,868] {dagbag.py:507} INFO - Filling up the DagBag from /opt/airflow/dags/d_1_finalproject_dag.py
[2023-01-25 23:18:36,280] {logging_mixin.py:115} INFO - [2023-01-25 23:18:36,278] {dagbag.py:320} ERROR - Failed to import: /opt/airflow/dags/d_1_finalproject_dag.py
Traceback (most recent call last):
  File "/home/airflow/.local/lib/python3.7/site-packages/airflow/models/dagbag.py", line 317, in parse
    loader.exec_module(new_module)
  File "<frozen importlib._bootstrap_external>", line 728, in exec_module
  File "<frozen importlib._bootstrap>", line 219, in _call_with_frames_removed
  File "/opt/airflow/dags/d_1_finalproject_dag.py", line 114, in <module>
    python_callable=fun_get_data_from_api
  File "/home/airflow/.local/lib/python3.7/site-packages/airflow/models/baseoperator.py", line 390, in apply_defaults
    result = func(self, **kwargs, default_args=default_args)
  File "/home/airflow/.local/lib/python3.7/site-packages/airflow/operators/python.py", line 156, in __init__
    super().__init__(**kwargs)
  File "/home/airflow/.local/lib/python3.7/site-packages/airflow/models/baseoperator.py", line 390, in apply_defaults
    result = func(self, **kwargs, default_args=default_args)
  File "/home/airflow/.local/lib/python3.7/site-packages/airflow/models/baseoperator.py", line 764, in __init__
    task_group.add(self)
  File "/home/airflow/.local/lib/python3.7/site-packages/airflow/utils/task_group.py", line 196, in add
    raise DuplicateTaskIdFound(f"{node_type} id '{key}' has already been added to the DAG")
airflow.exceptions.DuplicateTaskIdFound: Task id 'get_data_from_api' has already been added to the DAG
[2023-01-25 23:18:36,282] {processor.py:653} WARNING - No viable dags retrieved from /opt/airflow/dags/d_1_finalproject_dag.py
[2023-01-25 23:18:36,305] {processor.py:161} INFO - Processing /opt/airflow/dags/d_1_finalproject_dag.py took 0.462 seconds
[2023-01-25 23:18:48,936] {processor.py:153} INFO - Started process (PID=226) to work on /opt/airflow/dags/d_1_finalproject_dag.py
[2023-01-25 23:18:48,947] {processor.py:641} INFO - Processing file /opt/airflow/dags/d_1_finalproject_dag.py for tasks to queue
[2023-01-25 23:18:48,948] {logging_mixin.py:115} INFO - [2023-01-25 23:18:48,948] {dagbag.py:507} INFO - Filling up the DagBag from /opt/airflow/dags/d_1_finalproject_dag.py
[2023-01-25 23:18:49,421] {processor.py:651} INFO - DAG(s) dict_keys(['d_1_finalproject']) retrieved from /opt/airflow/dags/d_1_finalproject_dag.py
[2023-01-25 23:18:49,483] {logging_mixin.py:115} INFO - [2023-01-25 23:18:49,483] {manager.py:508} INFO - Created Permission View: can read on DAG:d_1_finalproject
[2023-01-25 23:18:49,490] {logging_mixin.py:115} INFO - [2023-01-25 23:18:49,490] {manager.py:508} INFO - Created Permission View: can delete on DAG:d_1_finalproject
[2023-01-25 23:18:49,494] {logging_mixin.py:115} INFO - [2023-01-25 23:18:49,494] {manager.py:508} INFO - Created Permission View: can edit on DAG:d_1_finalproject
[2023-01-25 23:18:49,495] {logging_mixin.py:115} INFO - [2023-01-25 23:18:49,495] {dag.py:2371} INFO - Sync 1 DAGs
[2023-01-25 23:18:49,500] {logging_mixin.py:115} INFO - [2023-01-25 23:18:49,500] {dag.py:2390} INFO - Creating ORM DAG for d_1_finalproject
[2023-01-25 23:18:49,508] {logging_mixin.py:115} INFO - [2023-01-25 23:18:49,508] {dag.py:2919} INFO - Setting next_dagrun for d_1_finalproject to None, run_after=None
[2023-01-25 23:18:49,521] {processor.py:161} INFO - Processing /opt/airflow/dags/d_1_finalproject_dag.py took 0.597 seconds
[2023-01-25 23:19:19,648] {processor.py:153} INFO - Started process (PID=244) to work on /opt/airflow/dags/d_1_finalproject_dag.py
[2023-01-25 23:19:19,651] {processor.py:641} INFO - Processing file /opt/airflow/dags/d_1_finalproject_dag.py for tasks to queue
[2023-01-25 23:19:19,653] {logging_mixin.py:115} INFO - [2023-01-25 23:19:19,653] {dagbag.py:507} INFO - Filling up the DagBag from /opt/airflow/dags/d_1_finalproject_dag.py
[2023-01-25 23:19:20,105] {processor.py:651} INFO - DAG(s) dict_keys(['d_1_finalproject']) retrieved from /opt/airflow/dags/d_1_finalproject_dag.py
[2023-01-25 23:19:20,127] {logging_mixin.py:115} INFO - [2023-01-25 23:19:20,126] {dag.py:2371} INFO - Sync 1 DAGs
[2023-01-25 23:19:20,140] {logging_mixin.py:115} INFO - [2023-01-25 23:19:20,140] {dag.py:2919} INFO - Setting next_dagrun for d_1_finalproject to None, run_after=None
[2023-01-25 23:19:20,149] {processor.py:161} INFO - Processing /opt/airflow/dags/d_1_finalproject_dag.py took 0.514 seconds
[2023-01-25 23:19:50,384] {processor.py:153} INFO - Started process (PID=253) to work on /opt/airflow/dags/d_1_finalproject_dag.py
[2023-01-25 23:19:50,386] {processor.py:641} INFO - Processing file /opt/airflow/dags/d_1_finalproject_dag.py for tasks to queue
[2023-01-25 23:19:50,387] {logging_mixin.py:115} INFO - [2023-01-25 23:19:50,387] {dagbag.py:507} INFO - Filling up the DagBag from /opt/airflow/dags/d_1_finalproject_dag.py
[2023-01-25 23:19:50,639] {processor.py:651} INFO - DAG(s) dict_keys(['d_1_finalproject']) retrieved from /opt/airflow/dags/d_1_finalproject_dag.py
[2023-01-25 23:19:50,657] {logging_mixin.py:115} INFO - [2023-01-25 23:19:50,657] {dag.py:2371} INFO - Sync 1 DAGs
[2023-01-25 23:19:50,670] {logging_mixin.py:115} INFO - [2023-01-25 23:19:50,670] {dag.py:2919} INFO - Setting next_dagrun for d_1_finalproject to None, run_after=None
[2023-01-25 23:19:50,676] {processor.py:161} INFO - Processing /opt/airflow/dags/d_1_finalproject_dag.py took 0.296 seconds
[2023-01-25 23:20:20,938] {processor.py:153} INFO - Started process (PID=259) to work on /opt/airflow/dags/d_1_finalproject_dag.py
[2023-01-25 23:20:20,940] {processor.py:641} INFO - Processing file /opt/airflow/dags/d_1_finalproject_dag.py for tasks to queue
[2023-01-25 23:20:20,942] {logging_mixin.py:115} INFO - [2023-01-25 23:20:20,942] {dagbag.py:507} INFO - Filling up the DagBag from /opt/airflow/dags/d_1_finalproject_dag.py
[2023-01-25 23:20:21,419] {processor.py:651} INFO - DAG(s) dict_keys(['d_1_finalproject']) retrieved from /opt/airflow/dags/d_1_finalproject_dag.py
[2023-01-25 23:20:21,444] {logging_mixin.py:115} INFO - [2023-01-25 23:20:21,443] {dag.py:2371} INFO - Sync 1 DAGs
[2023-01-25 23:20:21,456] {logging_mixin.py:115} INFO - [2023-01-25 23:20:21,456] {dag.py:2919} INFO - Setting next_dagrun for d_1_finalproject to None, run_after=None
[2023-01-25 23:20:21,463] {processor.py:161} INFO - Processing /opt/airflow/dags/d_1_finalproject_dag.py took 0.533 seconds
[2023-01-25 23:20:51,720] {processor.py:153} INFO - Started process (PID=265) to work on /opt/airflow/dags/d_1_finalproject_dag.py
[2023-01-25 23:20:51,721] {processor.py:641} INFO - Processing file /opt/airflow/dags/d_1_finalproject_dag.py for tasks to queue
[2023-01-25 23:20:51,723] {logging_mixin.py:115} INFO - [2023-01-25 23:20:51,723] {dagbag.py:507} INFO - Filling up the DagBag from /opt/airflow/dags/d_1_finalproject_dag.py
[2023-01-25 23:20:52,092] {processor.py:651} INFO - DAG(s) dict_keys(['d_1_finalproject']) retrieved from /opt/airflow/dags/d_1_finalproject_dag.py
[2023-01-25 23:20:52,112] {logging_mixin.py:115} INFO - [2023-01-25 23:20:52,112] {dag.py:2371} INFO - Sync 1 DAGs
[2023-01-25 23:20:52,124] {logging_mixin.py:115} INFO - [2023-01-25 23:20:52,124] {dag.py:2919} INFO - Setting next_dagrun for d_1_finalproject to None, run_after=None
[2023-01-25 23:20:52,131] {processor.py:161} INFO - Processing /opt/airflow/dags/d_1_finalproject_dag.py took 0.417 seconds
[2023-01-25 23:21:22,343] {processor.py:153} INFO - Started process (PID=271) to work on /opt/airflow/dags/d_1_finalproject_dag.py
[2023-01-25 23:21:22,348] {processor.py:641} INFO - Processing file /opt/airflow/dags/d_1_finalproject_dag.py for tasks to queue
[2023-01-25 23:21:22,352] {logging_mixin.py:115} INFO - [2023-01-25 23:21:22,352] {dagbag.py:507} INFO - Filling up the DagBag from /opt/airflow/dags/d_1_finalproject_dag.py
[2023-01-25 23:21:22,718] {processor.py:651} INFO - DAG(s) dict_keys(['d_1_finalproject']) retrieved from /opt/airflow/dags/d_1_finalproject_dag.py
[2023-01-25 23:21:22,739] {logging_mixin.py:115} INFO - [2023-01-25 23:21:22,739] {dag.py:2371} INFO - Sync 1 DAGs
[2023-01-25 23:21:22,757] {logging_mixin.py:115} INFO - [2023-01-25 23:21:22,757] {dag.py:2919} INFO - Setting next_dagrun for d_1_finalproject to None, run_after=None
[2023-01-25 23:21:22,766] {processor.py:161} INFO - Processing /opt/airflow/dags/d_1_finalproject_dag.py took 0.429 seconds
[2023-01-25 23:21:53,024] {processor.py:153} INFO - Started process (PID=277) to work on /opt/airflow/dags/d_1_finalproject_dag.py
[2023-01-25 23:21:53,026] {processor.py:641} INFO - Processing file /opt/airflow/dags/d_1_finalproject_dag.py for tasks to queue
[2023-01-25 23:21:53,033] {logging_mixin.py:115} INFO - [2023-01-25 23:21:53,032] {dagbag.py:507} INFO - Filling up the DagBag from /opt/airflow/dags/d_1_finalproject_dag.py
[2023-01-25 23:21:53,395] {processor.py:651} INFO - DAG(s) dict_keys(['d_1_finalproject']) retrieved from /opt/airflow/dags/d_1_finalproject_dag.py
[2023-01-25 23:21:53,415] {logging_mixin.py:115} INFO - [2023-01-25 23:21:53,414] {dag.py:2371} INFO - Sync 1 DAGs
[2023-01-25 23:21:53,427] {logging_mixin.py:115} INFO - [2023-01-25 23:21:53,427] {dag.py:2919} INFO - Setting next_dagrun for d_1_finalproject to None, run_after=None
[2023-01-25 23:21:53,434] {processor.py:161} INFO - Processing /opt/airflow/dags/d_1_finalproject_dag.py took 0.418 seconds
[2023-01-25 23:22:23,718] {processor.py:153} INFO - Started process (PID=283) to work on /opt/airflow/dags/d_1_finalproject_dag.py
[2023-01-25 23:22:23,721] {processor.py:641} INFO - Processing file /opt/airflow/dags/d_1_finalproject_dag.py for tasks to queue
[2023-01-25 23:22:23,722] {logging_mixin.py:115} INFO - [2023-01-25 23:22:23,722] {dagbag.py:507} INFO - Filling up the DagBag from /opt/airflow/dags/d_1_finalproject_dag.py
[2023-01-25 23:22:24,181] {processor.py:651} INFO - DAG(s) dict_keys(['d_1_finalproject']) retrieved from /opt/airflow/dags/d_1_finalproject_dag.py
[2023-01-25 23:22:24,214] {logging_mixin.py:115} INFO - [2023-01-25 23:22:24,213] {dag.py:2371} INFO - Sync 1 DAGs
[2023-01-25 23:22:24,234] {logging_mixin.py:115} INFO - [2023-01-25 23:22:24,234] {dag.py:2919} INFO - Setting next_dagrun for d_1_finalproject to None, run_after=None
[2023-01-25 23:22:24,246] {processor.py:161} INFO - Processing /opt/airflow/dags/d_1_finalproject_dag.py took 0.539 seconds
[2023-01-25 23:22:54,597] {processor.py:153} INFO - Started process (PID=289) to work on /opt/airflow/dags/d_1_finalproject_dag.py
[2023-01-25 23:22:54,599] {processor.py:641} INFO - Processing file /opt/airflow/dags/d_1_finalproject_dag.py for tasks to queue
[2023-01-25 23:22:54,602] {logging_mixin.py:115} INFO - [2023-01-25 23:22:54,602] {dagbag.py:507} INFO - Filling up the DagBag from /opt/airflow/dags/d_1_finalproject_dag.py
[2023-01-25 23:22:54,958] {processor.py:651} INFO - DAG(s) dict_keys(['d_1_finalproject']) retrieved from /opt/airflow/dags/d_1_finalproject_dag.py
[2023-01-25 23:22:54,984] {logging_mixin.py:115} INFO - [2023-01-25 23:22:54,984] {dag.py:2371} INFO - Sync 1 DAGs
[2023-01-25 23:22:55,013] {logging_mixin.py:115} INFO - [2023-01-25 23:22:55,013] {dag.py:2919} INFO - Setting next_dagrun for d_1_finalproject to None, run_after=None
[2023-01-25 23:22:55,027] {processor.py:161} INFO - Processing /opt/airflow/dags/d_1_finalproject_dag.py took 0.435 seconds
[2023-01-25 23:23:25,215] {processor.py:153} INFO - Started process (PID=310) to work on /opt/airflow/dags/d_1_finalproject_dag.py
[2023-01-25 23:23:25,219] {processor.py:641} INFO - Processing file /opt/airflow/dags/d_1_finalproject_dag.py for tasks to queue
[2023-01-25 23:23:25,222] {logging_mixin.py:115} INFO - [2023-01-25 23:23:25,222] {dagbag.py:507} INFO - Filling up the DagBag from /opt/airflow/dags/d_1_finalproject_dag.py
[2023-01-25 23:23:25,446] {processor.py:651} INFO - DAG(s) dict_keys(['d_1_finalproject']) retrieved from /opt/airflow/dags/d_1_finalproject_dag.py
[2023-01-25 23:23:25,480] {logging_mixin.py:115} INFO - [2023-01-25 23:23:25,480] {dag.py:2371} INFO - Sync 1 DAGs
[2023-01-25 23:23:25,490] {logging_mixin.py:115} INFO - [2023-01-25 23:23:25,489] {dag.py:2919} INFO - Setting next_dagrun for d_1_finalproject to None, run_after=None
[2023-01-25 23:23:25,497] {processor.py:161} INFO - Processing /opt/airflow/dags/d_1_finalproject_dag.py took 0.288 seconds
[2023-01-25 23:23:55,688] {processor.py:153} INFO - Started process (PID=316) to work on /opt/airflow/dags/d_1_finalproject_dag.py
[2023-01-25 23:23:55,691] {processor.py:641} INFO - Processing file /opt/airflow/dags/d_1_finalproject_dag.py for tasks to queue
[2023-01-25 23:23:55,692] {logging_mixin.py:115} INFO - [2023-01-25 23:23:55,692] {dagbag.py:507} INFO - Filling up the DagBag from /opt/airflow/dags/d_1_finalproject_dag.py
[2023-01-25 23:23:56,054] {processor.py:651} INFO - DAG(s) dict_keys(['d_1_finalproject']) retrieved from /opt/airflow/dags/d_1_finalproject_dag.py
[2023-01-25 23:23:56,075] {logging_mixin.py:115} INFO - [2023-01-25 23:23:56,074] {dag.py:2371} INFO - Sync 1 DAGs
[2023-01-25 23:23:56,087] {logging_mixin.py:115} INFO - [2023-01-25 23:23:56,087] {dag.py:2919} INFO - Setting next_dagrun for d_1_finalproject to None, run_after=None
[2023-01-25 23:23:56,095] {processor.py:161} INFO - Processing /opt/airflow/dags/d_1_finalproject_dag.py took 0.410 seconds
[2023-01-25 23:24:26,327] {processor.py:153} INFO - Started process (PID=322) to work on /opt/airflow/dags/d_1_finalproject_dag.py
[2023-01-25 23:24:26,331] {processor.py:641} INFO - Processing file /opt/airflow/dags/d_1_finalproject_dag.py for tasks to queue
[2023-01-25 23:24:26,333] {logging_mixin.py:115} INFO - [2023-01-25 23:24:26,333] {dagbag.py:507} INFO - Filling up the DagBag from /opt/airflow/dags/d_1_finalproject_dag.py
[2023-01-25 23:24:26,807] {processor.py:651} INFO - DAG(s) dict_keys(['d_1_finalproject']) retrieved from /opt/airflow/dags/d_1_finalproject_dag.py
[2023-01-25 23:24:26,828] {logging_mixin.py:115} INFO - [2023-01-25 23:24:26,828] {dag.py:2371} INFO - Sync 1 DAGs
[2023-01-25 23:24:26,841] {logging_mixin.py:115} INFO - [2023-01-25 23:24:26,840] {dag.py:2919} INFO - Setting next_dagrun for d_1_finalproject to None, run_after=None
[2023-01-25 23:24:26,849] {processor.py:161} INFO - Processing /opt/airflow/dags/d_1_finalproject_dag.py took 0.526 seconds
[2023-01-25 23:24:57,074] {processor.py:153} INFO - Started process (PID=328) to work on /opt/airflow/dags/d_1_finalproject_dag.py
[2023-01-25 23:24:57,078] {processor.py:641} INFO - Processing file /opt/airflow/dags/d_1_finalproject_dag.py for tasks to queue
[2023-01-25 23:24:57,080] {logging_mixin.py:115} INFO - [2023-01-25 23:24:57,080] {dagbag.py:507} INFO - Filling up the DagBag from /opt/airflow/dags/d_1_finalproject_dag.py
[2023-01-25 23:24:57,730] {processor.py:651} INFO - DAG(s) dict_keys(['d_1_finalproject']) retrieved from /opt/airflow/dags/d_1_finalproject_dag.py
[2023-01-25 23:24:57,757] {logging_mixin.py:115} INFO - [2023-01-25 23:24:57,756] {dag.py:2371} INFO - Sync 1 DAGs
[2023-01-25 23:24:57,775] {logging_mixin.py:115} INFO - [2023-01-25 23:24:57,775] {dag.py:2919} INFO - Setting next_dagrun for d_1_finalproject to None, run_after=None
[2023-01-25 23:24:57,791] {processor.py:161} INFO - Processing /opt/airflow/dags/d_1_finalproject_dag.py took 0.724 seconds
[2023-01-25 23:25:28,017] {processor.py:153} INFO - Started process (PID=334) to work on /opt/airflow/dags/d_1_finalproject_dag.py
[2023-01-25 23:25:28,019] {processor.py:641} INFO - Processing file /opt/airflow/dags/d_1_finalproject_dag.py for tasks to queue
[2023-01-25 23:25:28,022] {logging_mixin.py:115} INFO - [2023-01-25 23:25:28,021] {dagbag.py:507} INFO - Filling up the DagBag from /opt/airflow/dags/d_1_finalproject_dag.py
[2023-01-25 23:25:28,369] {processor.py:651} INFO - DAG(s) dict_keys(['d_1_finalproject']) retrieved from /opt/airflow/dags/d_1_finalproject_dag.py
[2023-01-25 23:25:28,390] {logging_mixin.py:115} INFO - [2023-01-25 23:25:28,390] {dag.py:2371} INFO - Sync 1 DAGs
[2023-01-25 23:25:28,404] {logging_mixin.py:115} INFO - [2023-01-25 23:25:28,404] {dag.py:2919} INFO - Setting next_dagrun for d_1_finalproject to None, run_after=None
[2023-01-25 23:25:28,414] {processor.py:161} INFO - Processing /opt/airflow/dags/d_1_finalproject_dag.py took 0.401 seconds
[2023-01-25 23:25:58,641] {processor.py:153} INFO - Started process (PID=340) to work on /opt/airflow/dags/d_1_finalproject_dag.py
[2023-01-25 23:25:58,644] {processor.py:641} INFO - Processing file /opt/airflow/dags/d_1_finalproject_dag.py for tasks to queue
[2023-01-25 23:25:58,646] {logging_mixin.py:115} INFO - [2023-01-25 23:25:58,645] {dagbag.py:507} INFO - Filling up the DagBag from /opt/airflow/dags/d_1_finalproject_dag.py
[2023-01-25 23:25:59,012] {processor.py:651} INFO - DAG(s) dict_keys(['d_1_finalproject']) retrieved from /opt/airflow/dags/d_1_finalproject_dag.py
[2023-01-25 23:25:59,034] {logging_mixin.py:115} INFO - [2023-01-25 23:25:59,034] {dag.py:2371} INFO - Sync 1 DAGs
[2023-01-25 23:25:59,080] {logging_mixin.py:115} INFO - [2023-01-25 23:25:59,080] {dag.py:2919} INFO - Setting next_dagrun for d_1_finalproject to None, run_after=None
[2023-01-25 23:25:59,090] {processor.py:161} INFO - Processing /opt/airflow/dags/d_1_finalproject_dag.py took 0.467 seconds
[2023-01-25 23:26:03,196] {processor.py:153} INFO - Started process (PID=346) to work on /opt/airflow/dags/d_1_finalproject_dag.py
[2023-01-25 23:26:03,197] {processor.py:641} INFO - Processing file /opt/airflow/dags/d_1_finalproject_dag.py for tasks to queue
[2023-01-25 23:26:03,198] {logging_mixin.py:115} INFO - [2023-01-25 23:26:03,198] {dagbag.py:507} INFO - Filling up the DagBag from /opt/airflow/dags/d_1_finalproject_dag.py
[2023-01-25 23:26:03,443] {processor.py:651} INFO - DAG(s) dict_keys(['d_1_finalproject']) retrieved from /opt/airflow/dags/d_1_finalproject_dag.py
[2023-01-25 23:26:03,458] {logging_mixin.py:115} INFO - [2023-01-25 23:26:03,458] {dag.py:2371} INFO - Sync 1 DAGs
[2023-01-25 23:26:03,470] {logging_mixin.py:115} INFO - [2023-01-25 23:26:03,470] {dag.py:2919} INFO - Setting next_dagrun for d_1_finalproject to None, run_after=None
[2023-01-25 23:26:03,479] {processor.py:161} INFO - Processing /opt/airflow/dags/d_1_finalproject_dag.py took 0.288 seconds
[2023-01-25 23:26:33,738] {processor.py:153} INFO - Started process (PID=376) to work on /opt/airflow/dags/d_1_finalproject_dag.py
[2023-01-25 23:26:33,741] {processor.py:641} INFO - Processing file /opt/airflow/dags/d_1_finalproject_dag.py for tasks to queue
[2023-01-25 23:26:33,744] {logging_mixin.py:115} INFO - [2023-01-25 23:26:33,744] {dagbag.py:507} INFO - Filling up the DagBag from /opt/airflow/dags/d_1_finalproject_dag.py
[2023-01-25 23:26:34,365] {processor.py:651} INFO - DAG(s) dict_keys(['d_1_finalproject']) retrieved from /opt/airflow/dags/d_1_finalproject_dag.py
[2023-01-25 23:26:34,391] {logging_mixin.py:115} INFO - [2023-01-25 23:26:34,391] {dag.py:2371} INFO - Sync 1 DAGs
[2023-01-25 23:26:34,405] {logging_mixin.py:115} INFO - [2023-01-25 23:26:34,405] {dag.py:2919} INFO - Setting next_dagrun for d_1_finalproject to None, run_after=None
[2023-01-25 23:26:34,412] {processor.py:161} INFO - Processing /opt/airflow/dags/d_1_finalproject_dag.py took 0.690 seconds
[2023-01-25 23:27:04,518] {processor.py:153} INFO - Started process (PID=382) to work on /opt/airflow/dags/d_1_finalproject_dag.py
[2023-01-25 23:27:04,520] {processor.py:641} INFO - Processing file /opt/airflow/dags/d_1_finalproject_dag.py for tasks to queue
[2023-01-25 23:27:04,521] {logging_mixin.py:115} INFO - [2023-01-25 23:27:04,521] {dagbag.py:507} INFO - Filling up the DagBag from /opt/airflow/dags/d_1_finalproject_dag.py
[2023-01-25 23:27:04,974] {processor.py:651} INFO - DAG(s) dict_keys(['d_1_finalproject']) retrieved from /opt/airflow/dags/d_1_finalproject_dag.py
[2023-01-25 23:27:04,999] {logging_mixin.py:115} INFO - [2023-01-25 23:27:04,998] {dag.py:2371} INFO - Sync 1 DAGs
[2023-01-25 23:27:05,012] {logging_mixin.py:115} INFO - [2023-01-25 23:27:05,011] {dag.py:2919} INFO - Setting next_dagrun for d_1_finalproject to None, run_after=None
[2023-01-25 23:27:05,018] {processor.py:161} INFO - Processing /opt/airflow/dags/d_1_finalproject_dag.py took 0.504 seconds
[2023-01-25 23:27:35,273] {processor.py:153} INFO - Started process (PID=388) to work on /opt/airflow/dags/d_1_finalproject_dag.py
[2023-01-25 23:27:35,276] {processor.py:641} INFO - Processing file /opt/airflow/dags/d_1_finalproject_dag.py for tasks to queue
[2023-01-25 23:27:35,277] {logging_mixin.py:115} INFO - [2023-01-25 23:27:35,277] {dagbag.py:507} INFO - Filling up the DagBag from /opt/airflow/dags/d_1_finalproject_dag.py
[2023-01-25 23:27:35,714] {processor.py:651} INFO - DAG(s) dict_keys(['d_1_finalproject']) retrieved from /opt/airflow/dags/d_1_finalproject_dag.py
[2023-01-25 23:27:35,738] {logging_mixin.py:115} INFO - [2023-01-25 23:27:35,737] {dag.py:2371} INFO - Sync 1 DAGs
[2023-01-25 23:27:35,755] {logging_mixin.py:115} INFO - [2023-01-25 23:27:35,755] {dag.py:2919} INFO - Setting next_dagrun for d_1_finalproject to None, run_after=None
[2023-01-25 23:27:35,762] {processor.py:161} INFO - Processing /opt/airflow/dags/d_1_finalproject_dag.py took 0.498 seconds
[2023-01-25 23:27:40,313] {processor.py:153} INFO - Started process (PID=394) to work on /opt/airflow/dags/d_1_finalproject_dag.py
[2023-01-25 23:27:40,316] {processor.py:641} INFO - Processing file /opt/airflow/dags/d_1_finalproject_dag.py for tasks to queue
[2023-01-25 23:27:40,318] {logging_mixin.py:115} INFO - [2023-01-25 23:27:40,318] {dagbag.py:507} INFO - Filling up the DagBag from /opt/airflow/dags/d_1_finalproject_dag.py
[2023-01-25 23:27:40,575] {processor.py:651} INFO - DAG(s) dict_keys(['d_1_finalproject']) retrieved from /opt/airflow/dags/d_1_finalproject_dag.py
[2023-01-25 23:27:40,594] {logging_mixin.py:115} INFO - [2023-01-25 23:27:40,593] {dag.py:2371} INFO - Sync 1 DAGs
[2023-01-25 23:27:40,607] {logging_mixin.py:115} INFO - [2023-01-25 23:27:40,607] {dag.py:2919} INFO - Setting next_dagrun for d_1_finalproject to None, run_after=None
[2023-01-25 23:27:40,620] {processor.py:161} INFO - Processing /opt/airflow/dags/d_1_finalproject_dag.py took 0.313 seconds
[2023-01-25 23:28:10,832] {processor.py:153} INFO - Started process (PID=424) to work on /opt/airflow/dags/d_1_finalproject_dag.py
[2023-01-25 23:28:10,834] {processor.py:641} INFO - Processing file /opt/airflow/dags/d_1_finalproject_dag.py for tasks to queue
[2023-01-25 23:28:10,836] {logging_mixin.py:115} INFO - [2023-01-25 23:28:10,836] {dagbag.py:507} INFO - Filling up the DagBag from /opt/airflow/dags/d_1_finalproject_dag.py
[2023-01-25 23:28:11,207] {processor.py:651} INFO - DAG(s) dict_keys(['d_1_finalproject']) retrieved from /opt/airflow/dags/d_1_finalproject_dag.py
[2023-01-25 23:28:11,227] {logging_mixin.py:115} INFO - [2023-01-25 23:28:11,227] {dag.py:2371} INFO - Sync 1 DAGs
[2023-01-25 23:28:11,241] {logging_mixin.py:115} INFO - [2023-01-25 23:28:11,241] {dag.py:2919} INFO - Setting next_dagrun for d_1_finalproject to None, run_after=None
[2023-01-25 23:28:11,248] {processor.py:161} INFO - Processing /opt/airflow/dags/d_1_finalproject_dag.py took 0.422 seconds
[2023-01-25 23:28:41,486] {processor.py:153} INFO - Started process (PID=430) to work on /opt/airflow/dags/d_1_finalproject_dag.py
[2023-01-25 23:28:41,489] {processor.py:641} INFO - Processing file /opt/airflow/dags/d_1_finalproject_dag.py for tasks to queue
[2023-01-25 23:28:41,490] {logging_mixin.py:115} INFO - [2023-01-25 23:28:41,490] {dagbag.py:507} INFO - Filling up the DagBag from /opt/airflow/dags/d_1_finalproject_dag.py
[2023-01-25 23:28:41,772] {processor.py:651} INFO - DAG(s) dict_keys(['d_1_finalproject']) retrieved from /opt/airflow/dags/d_1_finalproject_dag.py
[2023-01-25 23:28:41,790] {logging_mixin.py:115} INFO - [2023-01-25 23:28:41,790] {dag.py:2371} INFO - Sync 1 DAGs
[2023-01-25 23:28:41,803] {logging_mixin.py:115} INFO - [2023-01-25 23:28:41,803] {dag.py:2919} INFO - Setting next_dagrun for d_1_finalproject to None, run_after=None
[2023-01-25 23:28:41,810] {processor.py:161} INFO - Processing /opt/airflow/dags/d_1_finalproject_dag.py took 0.328 seconds
[2023-01-25 23:29:12,051] {processor.py:153} INFO - Started process (PID=436) to work on /opt/airflow/dags/d_1_finalproject_dag.py
[2023-01-25 23:29:12,054] {processor.py:641} INFO - Processing file /opt/airflow/dags/d_1_finalproject_dag.py for tasks to queue
[2023-01-25 23:29:12,056] {logging_mixin.py:115} INFO - [2023-01-25 23:29:12,055] {dagbag.py:507} INFO - Filling up the DagBag from /opt/airflow/dags/d_1_finalproject_dag.py
[2023-01-25 23:29:12,384] {processor.py:651} INFO - DAG(s) dict_keys(['d_1_finalproject']) retrieved from /opt/airflow/dags/d_1_finalproject_dag.py
[2023-01-25 23:29:12,401] {logging_mixin.py:115} INFO - [2023-01-25 23:29:12,401] {dag.py:2371} INFO - Sync 1 DAGs
[2023-01-25 23:29:12,413] {logging_mixin.py:115} INFO - [2023-01-25 23:29:12,413] {dag.py:2919} INFO - Setting next_dagrun for d_1_finalproject to None, run_after=None
[2023-01-25 23:29:12,419] {processor.py:161} INFO - Processing /opt/airflow/dags/d_1_finalproject_dag.py took 0.373 seconds
[2023-01-25 23:29:42,668] {processor.py:153} INFO - Started process (PID=442) to work on /opt/airflow/dags/d_1_finalproject_dag.py
[2023-01-25 23:29:42,670] {processor.py:641} INFO - Processing file /opt/airflow/dags/d_1_finalproject_dag.py for tasks to queue
[2023-01-25 23:29:42,671] {logging_mixin.py:115} INFO - [2023-01-25 23:29:42,671] {dagbag.py:507} INFO - Filling up the DagBag from /opt/airflow/dags/d_1_finalproject_dag.py
[2023-01-25 23:29:43,120] {processor.py:651} INFO - DAG(s) dict_keys(['d_1_finalproject']) retrieved from /opt/airflow/dags/d_1_finalproject_dag.py
[2023-01-25 23:29:43,142] {logging_mixin.py:115} INFO - [2023-01-25 23:29:43,141] {dag.py:2371} INFO - Sync 1 DAGs
[2023-01-25 23:29:43,156] {logging_mixin.py:115} INFO - [2023-01-25 23:29:43,156] {dag.py:2919} INFO - Setting next_dagrun for d_1_finalproject to None, run_after=None
[2023-01-25 23:29:43,163] {processor.py:161} INFO - Processing /opt/airflow/dags/d_1_finalproject_dag.py took 0.500 seconds
[2023-01-25 23:30:13,418] {processor.py:153} INFO - Started process (PID=448) to work on /opt/airflow/dags/d_1_finalproject_dag.py
[2023-01-25 23:30:13,420] {processor.py:641} INFO - Processing file /opt/airflow/dags/d_1_finalproject_dag.py for tasks to queue
[2023-01-25 23:30:13,422] {logging_mixin.py:115} INFO - [2023-01-25 23:30:13,422] {dagbag.py:507} INFO - Filling up the DagBag from /opt/airflow/dags/d_1_finalproject_dag.py
[2023-01-25 23:30:13,871] {processor.py:651} INFO - DAG(s) dict_keys(['d_1_finalproject']) retrieved from /opt/airflow/dags/d_1_finalproject_dag.py
[2023-01-25 23:30:13,901] {logging_mixin.py:115} INFO - [2023-01-25 23:30:13,901] {dag.py:2371} INFO - Sync 1 DAGs
[2023-01-25 23:30:13,914] {logging_mixin.py:115} INFO - [2023-01-25 23:30:13,914] {dag.py:2919} INFO - Setting next_dagrun for d_1_finalproject to None, run_after=None
[2023-01-25 23:30:13,921] {processor.py:161} INFO - Processing /opt/airflow/dags/d_1_finalproject_dag.py took 0.508 seconds
[2023-01-25 23:30:44,148] {processor.py:153} INFO - Started process (PID=454) to work on /opt/airflow/dags/d_1_finalproject_dag.py
[2023-01-25 23:30:44,153] {processor.py:641} INFO - Processing file /opt/airflow/dags/d_1_finalproject_dag.py for tasks to queue
[2023-01-25 23:30:44,154] {logging_mixin.py:115} INFO - [2023-01-25 23:30:44,154] {dagbag.py:507} INFO - Filling up the DagBag from /opt/airflow/dags/d_1_finalproject_dag.py
[2023-01-25 23:30:44,550] {processor.py:651} INFO - DAG(s) dict_keys(['d_1_finalproject']) retrieved from /opt/airflow/dags/d_1_finalproject_dag.py
[2023-01-25 23:30:44,573] {logging_mixin.py:115} INFO - [2023-01-25 23:30:44,573] {dag.py:2371} INFO - Sync 1 DAGs
[2023-01-25 23:30:44,586] {logging_mixin.py:115} INFO - [2023-01-25 23:30:44,586] {dag.py:2919} INFO - Setting next_dagrun for d_1_finalproject to None, run_after=None
[2023-01-25 23:30:44,593] {processor.py:161} INFO - Processing /opt/airflow/dags/d_1_finalproject_dag.py took 0.451 seconds
[2023-01-25 23:31:14,761] {processor.py:153} INFO - Started process (PID=460) to work on /opt/airflow/dags/d_1_finalproject_dag.py
[2023-01-25 23:31:14,763] {processor.py:641} INFO - Processing file /opt/airflow/dags/d_1_finalproject_dag.py for tasks to queue
[2023-01-25 23:31:14,765] {logging_mixin.py:115} INFO - [2023-01-25 23:31:14,765] {dagbag.py:507} INFO - Filling up the DagBag from /opt/airflow/dags/d_1_finalproject_dag.py
[2023-01-25 23:31:15,225] {processor.py:651} INFO - DAG(s) dict_keys(['d_1_finalproject']) retrieved from /opt/airflow/dags/d_1_finalproject_dag.py
[2023-01-25 23:31:15,257] {logging_mixin.py:115} INFO - [2023-01-25 23:31:15,257] {dag.py:2371} INFO - Sync 1 DAGs
[2023-01-25 23:31:15,270] {logging_mixin.py:115} INFO - [2023-01-25 23:31:15,270] {dag.py:2919} INFO - Setting next_dagrun for d_1_finalproject to None, run_after=None
[2023-01-25 23:31:15,277] {processor.py:161} INFO - Processing /opt/airflow/dags/d_1_finalproject_dag.py took 0.521 seconds
[2023-01-25 23:31:45,514] {processor.py:153} INFO - Started process (PID=466) to work on /opt/airflow/dags/d_1_finalproject_dag.py
[2023-01-25 23:31:45,517] {processor.py:641} INFO - Processing file /opt/airflow/dags/d_1_finalproject_dag.py for tasks to queue
[2023-01-25 23:31:45,518] {logging_mixin.py:115} INFO - [2023-01-25 23:31:45,518] {dagbag.py:507} INFO - Filling up the DagBag from /opt/airflow/dags/d_1_finalproject_dag.py
[2023-01-25 23:31:45,976] {processor.py:651} INFO - DAG(s) dict_keys(['d_1_finalproject']) retrieved from /opt/airflow/dags/d_1_finalproject_dag.py
[2023-01-25 23:31:46,000] {logging_mixin.py:115} INFO - [2023-01-25 23:31:46,000] {dag.py:2371} INFO - Sync 1 DAGs
[2023-01-25 23:31:46,014] {logging_mixin.py:115} INFO - [2023-01-25 23:31:46,014] {dag.py:2919} INFO - Setting next_dagrun for d_1_finalproject to None, run_after=None
[2023-01-25 23:31:46,021] {processor.py:161} INFO - Processing /opt/airflow/dags/d_1_finalproject_dag.py took 0.512 seconds
[2023-01-25 23:32:16,130] {processor.py:153} INFO - Started process (PID=472) to work on /opt/airflow/dags/d_1_finalproject_dag.py
[2023-01-25 23:32:16,133] {processor.py:641} INFO - Processing file /opt/airflow/dags/d_1_finalproject_dag.py for tasks to queue
[2023-01-25 23:32:16,134] {logging_mixin.py:115} INFO - [2023-01-25 23:32:16,134] {dagbag.py:507} INFO - Filling up the DagBag from /opt/airflow/dags/d_1_finalproject_dag.py
[2023-01-25 23:32:16,557] {processor.py:651} INFO - DAG(s) dict_keys(['d_1_finalproject']) retrieved from /opt/airflow/dags/d_1_finalproject_dag.py
[2023-01-25 23:32:16,583] {logging_mixin.py:115} INFO - [2023-01-25 23:32:16,583] {dag.py:2371} INFO - Sync 1 DAGs
[2023-01-25 23:32:16,596] {logging_mixin.py:115} INFO - [2023-01-25 23:32:16,596] {dag.py:2919} INFO - Setting next_dagrun for d_1_finalproject to None, run_after=None
[2023-01-25 23:32:16,603] {processor.py:161} INFO - Processing /opt/airflow/dags/d_1_finalproject_dag.py took 0.478 seconds
[2023-01-25 23:32:46,919] {processor.py:153} INFO - Started process (PID=478) to work on /opt/airflow/dags/d_1_finalproject_dag.py
[2023-01-25 23:32:46,921] {processor.py:641} INFO - Processing file /opt/airflow/dags/d_1_finalproject_dag.py for tasks to queue
[2023-01-25 23:32:46,923] {logging_mixin.py:115} INFO - [2023-01-25 23:32:46,923] {dagbag.py:507} INFO - Filling up the DagBag from /opt/airflow/dags/d_1_finalproject_dag.py
[2023-01-25 23:32:47,148] {processor.py:651} INFO - DAG(s) dict_keys(['d_1_finalproject']) retrieved from /opt/airflow/dags/d_1_finalproject_dag.py
[2023-01-25 23:32:47,164] {logging_mixin.py:115} INFO - [2023-01-25 23:32:47,164] {dag.py:2371} INFO - Sync 1 DAGs
[2023-01-25 23:32:47,174] {logging_mixin.py:115} INFO - [2023-01-25 23:32:47,174] {dag.py:2919} INFO - Setting next_dagrun for d_1_finalproject to None, run_after=None
[2023-01-25 23:32:47,181] {processor.py:161} INFO - Processing /opt/airflow/dags/d_1_finalproject_dag.py took 0.266 seconds
[2023-01-25 23:33:17,385] {processor.py:153} INFO - Started process (PID=484) to work on /opt/airflow/dags/d_1_finalproject_dag.py
[2023-01-25 23:33:17,387] {processor.py:641} INFO - Processing file /opt/airflow/dags/d_1_finalproject_dag.py for tasks to queue
[2023-01-25 23:33:17,390] {logging_mixin.py:115} INFO - [2023-01-25 23:33:17,389] {dagbag.py:507} INFO - Filling up the DagBag from /opt/airflow/dags/d_1_finalproject_dag.py
[2023-01-25 23:33:17,875] {processor.py:651} INFO - DAG(s) dict_keys(['d_1_finalproject']) retrieved from /opt/airflow/dags/d_1_finalproject_dag.py
[2023-01-25 23:33:17,896] {logging_mixin.py:115} INFO - [2023-01-25 23:33:17,896] {dag.py:2371} INFO - Sync 1 DAGs
[2023-01-25 23:33:17,909] {logging_mixin.py:115} INFO - [2023-01-25 23:33:17,909] {dag.py:2919} INFO - Setting next_dagrun for d_1_finalproject to None, run_after=None
[2023-01-25 23:33:17,916] {processor.py:161} INFO - Processing /opt/airflow/dags/d_1_finalproject_dag.py took 0.537 seconds
[2023-01-25 23:33:48,168] {processor.py:153} INFO - Started process (PID=490) to work on /opt/airflow/dags/d_1_finalproject_dag.py
[2023-01-25 23:33:48,171] {processor.py:641} INFO - Processing file /opt/airflow/dags/d_1_finalproject_dag.py for tasks to queue
[2023-01-25 23:33:48,172] {logging_mixin.py:115} INFO - [2023-01-25 23:33:48,172] {dagbag.py:507} INFO - Filling up the DagBag from /opt/airflow/dags/d_1_finalproject_dag.py
[2023-01-25 23:33:48,689] {processor.py:651} INFO - DAG(s) dict_keys(['d_1_finalproject']) retrieved from /opt/airflow/dags/d_1_finalproject_dag.py
[2023-01-25 23:33:48,720] {logging_mixin.py:115} INFO - [2023-01-25 23:33:48,719] {dag.py:2371} INFO - Sync 1 DAGs
[2023-01-25 23:33:48,734] {logging_mixin.py:115} INFO - [2023-01-25 23:33:48,734] {dag.py:2919} INFO - Setting next_dagrun for d_1_finalproject to None, run_after=None
[2023-01-25 23:33:48,742] {processor.py:161} INFO - Processing /opt/airflow/dags/d_1_finalproject_dag.py took 0.578 seconds
[2023-01-25 23:34:18,967] {processor.py:153} INFO - Started process (PID=496) to work on /opt/airflow/dags/d_1_finalproject_dag.py
[2023-01-25 23:34:18,982] {processor.py:641} INFO - Processing file /opt/airflow/dags/d_1_finalproject_dag.py for tasks to queue
[2023-01-25 23:34:18,983] {logging_mixin.py:115} INFO - [2023-01-25 23:34:18,983] {dagbag.py:507} INFO - Filling up the DagBag from /opt/airflow/dags/d_1_finalproject_dag.py
[2023-01-25 23:34:19,469] {processor.py:651} INFO - DAG(s) dict_keys(['d_1_finalproject']) retrieved from /opt/airflow/dags/d_1_finalproject_dag.py
[2023-01-25 23:34:19,501] {logging_mixin.py:115} INFO - [2023-01-25 23:34:19,501] {dag.py:2371} INFO - Sync 1 DAGs
[2023-01-25 23:34:19,517] {logging_mixin.py:115} INFO - [2023-01-25 23:34:19,517] {dag.py:2919} INFO - Setting next_dagrun for d_1_finalproject to None, run_after=None
[2023-01-25 23:34:19,524] {processor.py:161} INFO - Processing /opt/airflow/dags/d_1_finalproject_dag.py took 0.562 seconds
[2023-01-25 23:34:49,904] {processor.py:153} INFO - Started process (PID=514) to work on /opt/airflow/dags/d_1_finalproject_dag.py
[2023-01-25 23:34:49,906] {processor.py:641} INFO - Processing file /opt/airflow/dags/d_1_finalproject_dag.py for tasks to queue
[2023-01-25 23:34:49,908] {logging_mixin.py:115} INFO - [2023-01-25 23:34:49,908] {dagbag.py:507} INFO - Filling up the DagBag from /opt/airflow/dags/d_1_finalproject_dag.py
[2023-01-25 23:34:50,408] {processor.py:651} INFO - DAG(s) dict_keys(['d_1_finalproject']) retrieved from /opt/airflow/dags/d_1_finalproject_dag.py
[2023-01-25 23:34:50,444] {logging_mixin.py:115} INFO - [2023-01-25 23:34:50,444] {dag.py:2371} INFO - Sync 1 DAGs
[2023-01-25 23:34:50,459] {logging_mixin.py:115} INFO - [2023-01-25 23:34:50,459] {dag.py:2919} INFO - Setting next_dagrun for d_1_finalproject to None, run_after=None
[2023-01-25 23:34:50,467] {processor.py:161} INFO - Processing /opt/airflow/dags/d_1_finalproject_dag.py took 0.572 seconds
[2023-01-25 23:35:20,710] {processor.py:153} INFO - Started process (PID=532) to work on /opt/airflow/dags/d_1_finalproject_dag.py
[2023-01-25 23:35:20,714] {processor.py:641} INFO - Processing file /opt/airflow/dags/d_1_finalproject_dag.py for tasks to queue
[2023-01-25 23:35:20,716] {logging_mixin.py:115} INFO - [2023-01-25 23:35:20,716] {dagbag.py:507} INFO - Filling up the DagBag from /opt/airflow/dags/d_1_finalproject_dag.py
[2023-01-25 23:35:21,189] {processor.py:651} INFO - DAG(s) dict_keys(['d_1_finalproject']) retrieved from /opt/airflow/dags/d_1_finalproject_dag.py
[2023-01-25 23:35:21,227] {logging_mixin.py:115} INFO - [2023-01-25 23:35:21,227] {dag.py:2371} INFO - Sync 1 DAGs
[2023-01-25 23:35:21,240] {logging_mixin.py:115} INFO - [2023-01-25 23:35:21,240] {dag.py:2919} INFO - Setting next_dagrun for d_1_finalproject to None, run_after=None
[2023-01-25 23:35:21,250] {processor.py:161} INFO - Processing /opt/airflow/dags/d_1_finalproject_dag.py took 0.545 seconds
[2023-01-25 23:35:51,583] {processor.py:153} INFO - Started process (PID=538) to work on /opt/airflow/dags/d_1_finalproject_dag.py
[2023-01-25 23:35:51,586] {processor.py:641} INFO - Processing file /opt/airflow/dags/d_1_finalproject_dag.py for tasks to queue
[2023-01-25 23:35:51,588] {logging_mixin.py:115} INFO - [2023-01-25 23:35:51,588] {dagbag.py:507} INFO - Filling up the DagBag from /opt/airflow/dags/d_1_finalproject_dag.py
[2023-01-25 23:35:52,045] {processor.py:651} INFO - DAG(s) dict_keys(['d_1_finalproject']) retrieved from /opt/airflow/dags/d_1_finalproject_dag.py
[2023-01-25 23:35:52,067] {logging_mixin.py:115} INFO - [2023-01-25 23:35:52,067] {dag.py:2371} INFO - Sync 1 DAGs
[2023-01-25 23:35:52,079] {logging_mixin.py:115} INFO - [2023-01-25 23:35:52,079] {dag.py:2919} INFO - Setting next_dagrun for d_1_finalproject to None, run_after=None
[2023-01-25 23:35:52,086] {processor.py:161} INFO - Processing /opt/airflow/dags/d_1_finalproject_dag.py took 0.507 seconds
[2023-01-25 23:36:22,304] {processor.py:153} INFO - Started process (PID=544) to work on /opt/airflow/dags/d_1_finalproject_dag.py
[2023-01-25 23:36:22,319] {processor.py:641} INFO - Processing file /opt/airflow/dags/d_1_finalproject_dag.py for tasks to queue
[2023-01-25 23:36:22,321] {logging_mixin.py:115} INFO - [2023-01-25 23:36:22,321] {dagbag.py:507} INFO - Filling up the DagBag from /opt/airflow/dags/d_1_finalproject_dag.py
[2023-01-25 23:36:22,797] {processor.py:651} INFO - DAG(s) dict_keys(['d_1_finalproject']) retrieved from /opt/airflow/dags/d_1_finalproject_dag.py
[2023-01-25 23:36:22,822] {logging_mixin.py:115} INFO - [2023-01-25 23:36:22,821] {dag.py:2371} INFO - Sync 1 DAGs
[2023-01-25 23:36:22,834] {logging_mixin.py:115} INFO - [2023-01-25 23:36:22,834] {dag.py:2919} INFO - Setting next_dagrun for d_1_finalproject to None, run_after=None
[2023-01-25 23:36:22,841] {processor.py:161} INFO - Processing /opt/airflow/dags/d_1_finalproject_dag.py took 0.544 seconds
[2023-01-25 23:36:53,006] {processor.py:153} INFO - Started process (PID=550) to work on /opt/airflow/dags/d_1_finalproject_dag.py
[2023-01-25 23:36:53,009] {processor.py:641} INFO - Processing file /opt/airflow/dags/d_1_finalproject_dag.py for tasks to queue
[2023-01-25 23:36:53,011] {logging_mixin.py:115} INFO - [2023-01-25 23:36:53,011] {dagbag.py:507} INFO - Filling up the DagBag from /opt/airflow/dags/d_1_finalproject_dag.py
[2023-01-25 23:36:53,472] {processor.py:651} INFO - DAG(s) dict_keys(['d_1_finalproject']) retrieved from /opt/airflow/dags/d_1_finalproject_dag.py
[2023-01-25 23:36:53,509] {logging_mixin.py:115} INFO - [2023-01-25 23:36:53,509] {dag.py:2371} INFO - Sync 1 DAGs
[2023-01-25 23:36:53,522] {logging_mixin.py:115} INFO - [2023-01-25 23:36:53,521] {dag.py:2919} INFO - Setting next_dagrun for d_1_finalproject to None, run_after=None
[2023-01-25 23:36:53,529] {processor.py:161} INFO - Processing /opt/airflow/dags/d_1_finalproject_dag.py took 0.527 seconds
[2023-01-25 23:37:23,763] {processor.py:153} INFO - Started process (PID=556) to work on /opt/airflow/dags/d_1_finalproject_dag.py
[2023-01-25 23:37:23,767] {processor.py:641} INFO - Processing file /opt/airflow/dags/d_1_finalproject_dag.py for tasks to queue
[2023-01-25 23:37:23,770] {logging_mixin.py:115} INFO - [2023-01-25 23:37:23,770] {dagbag.py:507} INFO - Filling up the DagBag from /opt/airflow/dags/d_1_finalproject_dag.py
[2023-01-25 23:37:24,277] {processor.py:651} INFO - DAG(s) dict_keys(['d_1_finalproject']) retrieved from /opt/airflow/dags/d_1_finalproject_dag.py
[2023-01-25 23:37:24,305] {logging_mixin.py:115} INFO - [2023-01-25 23:37:24,305] {dag.py:2371} INFO - Sync 1 DAGs
[2023-01-25 23:37:24,319] {logging_mixin.py:115} INFO - [2023-01-25 23:37:24,319] {dag.py:2919} INFO - Setting next_dagrun for d_1_finalproject to None, run_after=None
[2023-01-25 23:37:24,327] {processor.py:161} INFO - Processing /opt/airflow/dags/d_1_finalproject_dag.py took 0.575 seconds
[2023-01-25 23:37:54,491] {processor.py:153} INFO - Started process (PID=562) to work on /opt/airflow/dags/d_1_finalproject_dag.py
[2023-01-25 23:37:54,494] {processor.py:641} INFO - Processing file /opt/airflow/dags/d_1_finalproject_dag.py for tasks to queue
[2023-01-25 23:37:54,495] {logging_mixin.py:115} INFO - [2023-01-25 23:37:54,495] {dagbag.py:507} INFO - Filling up the DagBag from /opt/airflow/dags/d_1_finalproject_dag.py
[2023-01-25 23:37:55,176] {processor.py:651} INFO - DAG(s) dict_keys(['d_1_finalproject']) retrieved from /opt/airflow/dags/d_1_finalproject_dag.py
[2023-01-25 23:37:55,229] {logging_mixin.py:115} INFO - [2023-01-25 23:37:55,229] {dag.py:2371} INFO - Sync 1 DAGs
[2023-01-25 23:37:55,282] {logging_mixin.py:115} INFO - [2023-01-25 23:37:55,282] {dag.py:2919} INFO - Setting next_dagrun for d_1_finalproject to None, run_after=None
[2023-01-25 23:37:55,302] {processor.py:161} INFO - Processing /opt/airflow/dags/d_1_finalproject_dag.py took 0.814 seconds
[2023-01-25 23:38:25,670] {processor.py:153} INFO - Started process (PID=568) to work on /opt/airflow/dags/d_1_finalproject_dag.py
[2023-01-25 23:38:25,673] {processor.py:641} INFO - Processing file /opt/airflow/dags/d_1_finalproject_dag.py for tasks to queue
[2023-01-25 23:38:25,675] {logging_mixin.py:115} INFO - [2023-01-25 23:38:25,675] {dagbag.py:507} INFO - Filling up the DagBag from /opt/airflow/dags/d_1_finalproject_dag.py
[2023-01-25 23:38:26,156] {processor.py:651} INFO - DAG(s) dict_keys(['d_1_finalproject']) retrieved from /opt/airflow/dags/d_1_finalproject_dag.py
[2023-01-25 23:38:26,181] {logging_mixin.py:115} INFO - [2023-01-25 23:38:26,180] {dag.py:2371} INFO - Sync 1 DAGs
[2023-01-25 23:38:26,200] {logging_mixin.py:115} INFO - [2023-01-25 23:38:26,200] {dag.py:2919} INFO - Setting next_dagrun for d_1_finalproject to None, run_after=None
[2023-01-25 23:38:26,208] {processor.py:161} INFO - Processing /opt/airflow/dags/d_1_finalproject_dag.py took 0.552 seconds
[2023-01-25 23:38:56,450] {processor.py:153} INFO - Started process (PID=574) to work on /opt/airflow/dags/d_1_finalproject_dag.py
[2023-01-25 23:38:56,452] {processor.py:641} INFO - Processing file /opt/airflow/dags/d_1_finalproject_dag.py for tasks to queue
[2023-01-25 23:38:56,453] {logging_mixin.py:115} INFO - [2023-01-25 23:38:56,453] {dagbag.py:507} INFO - Filling up the DagBag from /opt/airflow/dags/d_1_finalproject_dag.py
[2023-01-25 23:38:56,906] {processor.py:651} INFO - DAG(s) dict_keys(['d_1_finalproject']) retrieved from /opt/airflow/dags/d_1_finalproject_dag.py
[2023-01-25 23:38:56,929] {logging_mixin.py:115} INFO - [2023-01-25 23:38:56,929] {dag.py:2371} INFO - Sync 1 DAGs
[2023-01-25 23:38:56,943] {logging_mixin.py:115} INFO - [2023-01-25 23:38:56,943] {dag.py:2919} INFO - Setting next_dagrun for d_1_finalproject to None, run_after=None
[2023-01-25 23:38:56,953] {processor.py:161} INFO - Processing /opt/airflow/dags/d_1_finalproject_dag.py took 0.509 seconds
[2023-01-25 23:39:27,143] {processor.py:153} INFO - Started process (PID=580) to work on /opt/airflow/dags/d_1_finalproject_dag.py
[2023-01-25 23:39:27,146] {processor.py:641} INFO - Processing file /opt/airflow/dags/d_1_finalproject_dag.py for tasks to queue
[2023-01-25 23:39:27,147] {logging_mixin.py:115} INFO - [2023-01-25 23:39:27,147] {dagbag.py:507} INFO - Filling up the DagBag from /opt/airflow/dags/d_1_finalproject_dag.py
[2023-01-25 23:39:27,676] {processor.py:651} INFO - DAG(s) dict_keys(['d_1_finalproject']) retrieved from /opt/airflow/dags/d_1_finalproject_dag.py
[2023-01-25 23:39:27,707] {logging_mixin.py:115} INFO - [2023-01-25 23:39:27,706] {dag.py:2371} INFO - Sync 1 DAGs
[2023-01-25 23:39:27,735] {logging_mixin.py:115} INFO - [2023-01-25 23:39:27,735] {dag.py:2919} INFO - Setting next_dagrun for d_1_finalproject to None, run_after=None
[2023-01-25 23:39:27,748] {processor.py:161} INFO - Processing /opt/airflow/dags/d_1_finalproject_dag.py took 0.612 seconds
[2023-01-25 23:39:58,059] {processor.py:153} INFO - Started process (PID=610) to work on /opt/airflow/dags/d_1_finalproject_dag.py
[2023-01-25 23:39:58,062] {processor.py:641} INFO - Processing file /opt/airflow/dags/d_1_finalproject_dag.py for tasks to queue
[2023-01-25 23:39:58,063] {logging_mixin.py:115} INFO - [2023-01-25 23:39:58,063] {dagbag.py:507} INFO - Filling up the DagBag from /opt/airflow/dags/d_1_finalproject_dag.py
[2023-01-25 23:39:58,498] {processor.py:651} INFO - DAG(s) dict_keys(['d_1_finalproject']) retrieved from /opt/airflow/dags/d_1_finalproject_dag.py
[2023-01-25 23:39:58,521] {logging_mixin.py:115} INFO - [2023-01-25 23:39:58,521] {dag.py:2371} INFO - Sync 1 DAGs
[2023-01-25 23:39:58,534] {logging_mixin.py:115} INFO - [2023-01-25 23:39:58,534] {dag.py:2919} INFO - Setting next_dagrun for d_1_finalproject to None, run_after=None
[2023-01-25 23:39:58,541] {processor.py:161} INFO - Processing /opt/airflow/dags/d_1_finalproject_dag.py took 0.490 seconds
[2023-01-25 23:40:28,779] {processor.py:153} INFO - Started process (PID=616) to work on /opt/airflow/dags/d_1_finalproject_dag.py
[2023-01-25 23:40:28,782] {processor.py:641} INFO - Processing file /opt/airflow/dags/d_1_finalproject_dag.py for tasks to queue
[2023-01-25 23:40:28,783] {logging_mixin.py:115} INFO - [2023-01-25 23:40:28,783] {dagbag.py:507} INFO - Filling up the DagBag from /opt/airflow/dags/d_1_finalproject_dag.py
[2023-01-25 23:40:29,257] {processor.py:651} INFO - DAG(s) dict_keys(['d_1_finalproject']) retrieved from /opt/airflow/dags/d_1_finalproject_dag.py
[2023-01-25 23:40:29,279] {logging_mixin.py:115} INFO - [2023-01-25 23:40:29,279] {dag.py:2371} INFO - Sync 1 DAGs
[2023-01-25 23:40:29,292] {logging_mixin.py:115} INFO - [2023-01-25 23:40:29,292] {dag.py:2919} INFO - Setting next_dagrun for d_1_finalproject to None, run_after=None
[2023-01-25 23:40:29,299] {processor.py:161} INFO - Processing /opt/airflow/dags/d_1_finalproject_dag.py took 0.527 seconds
[2023-01-25 23:40:59,613] {processor.py:153} INFO - Started process (PID=622) to work on /opt/airflow/dags/d_1_finalproject_dag.py
[2023-01-25 23:40:59,615] {processor.py:641} INFO - Processing file /opt/airflow/dags/d_1_finalproject_dag.py for tasks to queue
[2023-01-25 23:40:59,618] {logging_mixin.py:115} INFO - [2023-01-25 23:40:59,618] {dagbag.py:507} INFO - Filling up the DagBag from /opt/airflow/dags/d_1_finalproject_dag.py
[2023-01-25 23:41:00,122] {processor.py:651} INFO - DAG(s) dict_keys(['d_1_finalproject']) retrieved from /opt/airflow/dags/d_1_finalproject_dag.py
[2023-01-25 23:41:00,145] {logging_mixin.py:115} INFO - [2023-01-25 23:41:00,144] {dag.py:2371} INFO - Sync 1 DAGs
[2023-01-25 23:41:00,159] {logging_mixin.py:115} INFO - [2023-01-25 23:41:00,159] {dag.py:2919} INFO - Setting next_dagrun for d_1_finalproject to None, run_after=None
[2023-01-25 23:41:00,166] {processor.py:161} INFO - Processing /opt/airflow/dags/d_1_finalproject_dag.py took 0.557 seconds
[2023-01-25 23:41:30,378] {processor.py:153} INFO - Started process (PID=628) to work on /opt/airflow/dags/d_1_finalproject_dag.py
[2023-01-25 23:41:30,381] {processor.py:641} INFO - Processing file /opt/airflow/dags/d_1_finalproject_dag.py for tasks to queue
[2023-01-25 23:41:30,384] {logging_mixin.py:115} INFO - [2023-01-25 23:41:30,383] {dagbag.py:507} INFO - Filling up the DagBag from /opt/airflow/dags/d_1_finalproject_dag.py
[2023-01-25 23:41:30,903] {processor.py:651} INFO - DAG(s) dict_keys(['d_1_finalproject']) retrieved from /opt/airflow/dags/d_1_finalproject_dag.py
[2023-01-25 23:41:30,944] {logging_mixin.py:115} INFO - [2023-01-25 23:41:30,944] {dag.py:2371} INFO - Sync 1 DAGs
[2023-01-25 23:41:30,958] {logging_mixin.py:115} INFO - [2023-01-25 23:41:30,958] {dag.py:2919} INFO - Setting next_dagrun for d_1_finalproject to None, run_after=None
[2023-01-25 23:41:30,966] {processor.py:161} INFO - Processing /opt/airflow/dags/d_1_finalproject_dag.py took 0.600 seconds
[2023-01-25 23:42:01,300] {processor.py:153} INFO - Started process (PID=634) to work on /opt/airflow/dags/d_1_finalproject_dag.py
[2023-01-25 23:42:01,308] {processor.py:641} INFO - Processing file /opt/airflow/dags/d_1_finalproject_dag.py for tasks to queue
[2023-01-25 23:42:01,311] {logging_mixin.py:115} INFO - [2023-01-25 23:42:01,311] {dagbag.py:507} INFO - Filling up the DagBag from /opt/airflow/dags/d_1_finalproject_dag.py
[2023-01-25 23:42:01,765] {processor.py:651} INFO - DAG(s) dict_keys(['d_1_finalproject']) retrieved from /opt/airflow/dags/d_1_finalproject_dag.py
[2023-01-25 23:42:01,786] {logging_mixin.py:115} INFO - [2023-01-25 23:42:01,786] {dag.py:2371} INFO - Sync 1 DAGs
[2023-01-25 23:42:01,800] {logging_mixin.py:115} INFO - [2023-01-25 23:42:01,800] {dag.py:2919} INFO - Setting next_dagrun for d_1_finalproject to None, run_after=None
[2023-01-25 23:42:01,808] {processor.py:161} INFO - Processing /opt/airflow/dags/d_1_finalproject_dag.py took 0.515 seconds
[2023-01-25 23:42:32,034] {processor.py:153} INFO - Started process (PID=640) to work on /opt/airflow/dags/d_1_finalproject_dag.py
[2023-01-25 23:42:32,036] {processor.py:641} INFO - Processing file /opt/airflow/dags/d_1_finalproject_dag.py for tasks to queue
[2023-01-25 23:42:32,038] {logging_mixin.py:115} INFO - [2023-01-25 23:42:32,038] {dagbag.py:507} INFO - Filling up the DagBag from /opt/airflow/dags/d_1_finalproject_dag.py
[2023-01-25 23:42:32,497] {processor.py:651} INFO - DAG(s) dict_keys(['d_1_finalproject']) retrieved from /opt/airflow/dags/d_1_finalproject_dag.py
[2023-01-25 23:42:32,520] {logging_mixin.py:115} INFO - [2023-01-25 23:42:32,520] {dag.py:2371} INFO - Sync 1 DAGs
[2023-01-25 23:42:32,537] {logging_mixin.py:115} INFO - [2023-01-25 23:42:32,537] {dag.py:2919} INFO - Setting next_dagrun for d_1_finalproject to None, run_after=None
[2023-01-25 23:42:32,546] {processor.py:161} INFO - Processing /opt/airflow/dags/d_1_finalproject_dag.py took 0.519 seconds
[2023-01-25 23:43:02,934] {processor.py:153} INFO - Started process (PID=646) to work on /opt/airflow/dags/d_1_finalproject_dag.py
[2023-01-25 23:43:02,937] {processor.py:641} INFO - Processing file /opt/airflow/dags/d_1_finalproject_dag.py for tasks to queue
[2023-01-25 23:43:02,939] {logging_mixin.py:115} INFO - [2023-01-25 23:43:02,939] {dagbag.py:507} INFO - Filling up the DagBag from /opt/airflow/dags/d_1_finalproject_dag.py
[2023-01-25 23:43:03,412] {processor.py:651} INFO - DAG(s) dict_keys(['d_1_finalproject']) retrieved from /opt/airflow/dags/d_1_finalproject_dag.py
[2023-01-25 23:43:03,433] {logging_mixin.py:115} INFO - [2023-01-25 23:43:03,432] {dag.py:2371} INFO - Sync 1 DAGs
[2023-01-25 23:43:03,445] {logging_mixin.py:115} INFO - [2023-01-25 23:43:03,445] {dag.py:2919} INFO - Setting next_dagrun for d_1_finalproject to None, run_after=None
[2023-01-25 23:43:03,451] {processor.py:161} INFO - Processing /opt/airflow/dags/d_1_finalproject_dag.py took 0.523 seconds
[2023-01-25 23:43:33,657] {processor.py:153} INFO - Started process (PID=652) to work on /opt/airflow/dags/d_1_finalproject_dag.py
[2023-01-25 23:43:33,660] {processor.py:641} INFO - Processing file /opt/airflow/dags/d_1_finalproject_dag.py for tasks to queue
[2023-01-25 23:43:33,661] {logging_mixin.py:115} INFO - [2023-01-25 23:43:33,661] {dagbag.py:507} INFO - Filling up the DagBag from /opt/airflow/dags/d_1_finalproject_dag.py
[2023-01-25 23:43:34,102] {processor.py:651} INFO - DAG(s) dict_keys(['d_1_finalproject']) retrieved from /opt/airflow/dags/d_1_finalproject_dag.py
[2023-01-25 23:43:34,125] {logging_mixin.py:115} INFO - [2023-01-25 23:43:34,125] {dag.py:2371} INFO - Sync 1 DAGs
[2023-01-25 23:43:34,138] {logging_mixin.py:115} INFO - [2023-01-25 23:43:34,138] {dag.py:2919} INFO - Setting next_dagrun for d_1_finalproject to None, run_after=None
[2023-01-25 23:43:34,144] {processor.py:161} INFO - Processing /opt/airflow/dags/d_1_finalproject_dag.py took 0.492 seconds
[2023-01-25 23:43:57,774] {processor.py:153} INFO - Started process (PID=658) to work on /opt/airflow/dags/d_1_finalproject_dag.py
[2023-01-25 23:43:57,777] {processor.py:641} INFO - Processing file /opt/airflow/dags/d_1_finalproject_dag.py for tasks to queue
[2023-01-25 23:43:57,779] {logging_mixin.py:115} INFO - [2023-01-25 23:43:57,778] {dagbag.py:507} INFO - Filling up the DagBag from /opt/airflow/dags/d_1_finalproject_dag.py
[2023-01-25 23:43:58,256] {processor.py:651} INFO - DAG(s) dict_keys(['d_1_finalproject']) retrieved from /opt/airflow/dags/d_1_finalproject_dag.py
[2023-01-25 23:43:58,278] {logging_mixin.py:115} INFO - [2023-01-25 23:43:58,277] {dag.py:2371} INFO - Sync 1 DAGs
[2023-01-25 23:43:58,290] {logging_mixin.py:115} INFO - [2023-01-25 23:43:58,290] {dag.py:2919} INFO - Setting next_dagrun for d_1_finalproject to None, run_after=None
[2023-01-25 23:43:58,300] {processor.py:161} INFO - Processing /opt/airflow/dags/d_1_finalproject_dag.py took 0.530 seconds
[2023-01-25 23:44:28,574] {processor.py:153} INFO - Started process (PID=664) to work on /opt/airflow/dags/d_1_finalproject_dag.py
[2023-01-25 23:44:28,576] {processor.py:641} INFO - Processing file /opt/airflow/dags/d_1_finalproject_dag.py for tasks to queue
[2023-01-25 23:44:28,577] {logging_mixin.py:115} INFO - [2023-01-25 23:44:28,577] {dagbag.py:507} INFO - Filling up the DagBag from /opt/airflow/dags/d_1_finalproject_dag.py
[2023-01-25 23:44:29,043] {processor.py:651} INFO - DAG(s) dict_keys(['d_1_finalproject']) retrieved from /opt/airflow/dags/d_1_finalproject_dag.py
[2023-01-25 23:44:29,065] {logging_mixin.py:115} INFO - [2023-01-25 23:44:29,064] {dag.py:2371} INFO - Sync 1 DAGs
[2023-01-25 23:44:29,079] {logging_mixin.py:115} INFO - [2023-01-25 23:44:29,079] {dag.py:2919} INFO - Setting next_dagrun for d_1_finalproject to None, run_after=None
[2023-01-25 23:44:29,090] {processor.py:161} INFO - Processing /opt/airflow/dags/d_1_finalproject_dag.py took 0.522 seconds
[2023-01-25 23:44:59,309] {processor.py:153} INFO - Started process (PID=670) to work on /opt/airflow/dags/d_1_finalproject_dag.py
[2023-01-25 23:44:59,311] {processor.py:641} INFO - Processing file /opt/airflow/dags/d_1_finalproject_dag.py for tasks to queue
[2023-01-25 23:44:59,313] {logging_mixin.py:115} INFO - [2023-01-25 23:44:59,313] {dagbag.py:507} INFO - Filling up the DagBag from /opt/airflow/dags/d_1_finalproject_dag.py
[2023-01-25 23:44:59,796] {processor.py:651} INFO - DAG(s) dict_keys(['d_1_finalproject']) retrieved from /opt/airflow/dags/d_1_finalproject_dag.py
[2023-01-25 23:44:59,832] {logging_mixin.py:115} INFO - [2023-01-25 23:44:59,832] {dag.py:2371} INFO - Sync 1 DAGs
[2023-01-25 23:44:59,845] {logging_mixin.py:115} INFO - [2023-01-25 23:44:59,845] {dag.py:2919} INFO - Setting next_dagrun for d_1_finalproject to None, run_after=None
[2023-01-25 23:44:59,853] {processor.py:161} INFO - Processing /opt/airflow/dags/d_1_finalproject_dag.py took 0.549 seconds
[2023-01-25 23:45:30,087] {processor.py:153} INFO - Started process (PID=676) to work on /opt/airflow/dags/d_1_finalproject_dag.py
[2023-01-25 23:45:30,089] {processor.py:641} INFO - Processing file /opt/airflow/dags/d_1_finalproject_dag.py for tasks to queue
[2023-01-25 23:45:30,098] {logging_mixin.py:115} INFO - [2023-01-25 23:45:30,098] {dagbag.py:507} INFO - Filling up the DagBag from /opt/airflow/dags/d_1_finalproject_dag.py
[2023-01-25 23:45:30,607] {processor.py:651} INFO - DAG(s) dict_keys(['d_1_finalproject']) retrieved from /opt/airflow/dags/d_1_finalproject_dag.py
[2023-01-25 23:45:30,630] {logging_mixin.py:115} INFO - [2023-01-25 23:45:30,629] {dag.py:2371} INFO - Sync 1 DAGs
[2023-01-25 23:45:30,643] {logging_mixin.py:115} INFO - [2023-01-25 23:45:30,643] {dag.py:2919} INFO - Setting next_dagrun for d_1_finalproject to None, run_after=None
[2023-01-25 23:45:30,652] {processor.py:161} INFO - Processing /opt/airflow/dags/d_1_finalproject_dag.py took 0.570 seconds
[2023-01-25 23:46:00,880] {processor.py:153} INFO - Started process (PID=682) to work on /opt/airflow/dags/d_1_finalproject_dag.py
[2023-01-25 23:46:00,883] {processor.py:641} INFO - Processing file /opt/airflow/dags/d_1_finalproject_dag.py for tasks to queue
[2023-01-25 23:46:00,884] {logging_mixin.py:115} INFO - [2023-01-25 23:46:00,884] {dagbag.py:507} INFO - Filling up the DagBag from /opt/airflow/dags/d_1_finalproject_dag.py
[2023-01-25 23:46:01,372] {processor.py:651} INFO - DAG(s) dict_keys(['d_1_finalproject']) retrieved from /opt/airflow/dags/d_1_finalproject_dag.py
[2023-01-25 23:46:01,394] {logging_mixin.py:115} INFO - [2023-01-25 23:46:01,394] {dag.py:2371} INFO - Sync 1 DAGs
[2023-01-25 23:46:01,410] {logging_mixin.py:115} INFO - [2023-01-25 23:46:01,410] {dag.py:2919} INFO - Setting next_dagrun for d_1_finalproject to None, run_after=None
[2023-01-25 23:46:01,420] {processor.py:161} INFO - Processing /opt/airflow/dags/d_1_finalproject_dag.py took 0.548 seconds
[2023-01-25 23:46:31,649] {processor.py:153} INFO - Started process (PID=688) to work on /opt/airflow/dags/d_1_finalproject_dag.py
[2023-01-25 23:46:31,651] {processor.py:641} INFO - Processing file /opt/airflow/dags/d_1_finalproject_dag.py for tasks to queue
[2023-01-25 23:46:31,653] {logging_mixin.py:115} INFO - [2023-01-25 23:46:31,653] {dagbag.py:507} INFO - Filling up the DagBag from /opt/airflow/dags/d_1_finalproject_dag.py
[2023-01-25 23:46:32,187] {processor.py:651} INFO - DAG(s) dict_keys(['d_1_finalproject']) retrieved from /opt/airflow/dags/d_1_finalproject_dag.py
[2023-01-25 23:46:32,214] {logging_mixin.py:115} INFO - [2023-01-25 23:46:32,213] {dag.py:2371} INFO - Sync 1 DAGs
[2023-01-25 23:46:32,229] {logging_mixin.py:115} INFO - [2023-01-25 23:46:32,229] {dag.py:2919} INFO - Setting next_dagrun for d_1_finalproject to None, run_after=None
[2023-01-25 23:46:32,239] {processor.py:161} INFO - Processing /opt/airflow/dags/d_1_finalproject_dag.py took 0.597 seconds
[2023-01-25 23:47:02,480] {processor.py:153} INFO - Started process (PID=694) to work on /opt/airflow/dags/d_1_finalproject_dag.py
[2023-01-25 23:47:02,483] {processor.py:641} INFO - Processing file /opt/airflow/dags/d_1_finalproject_dag.py for tasks to queue
[2023-01-25 23:47:02,485] {logging_mixin.py:115} INFO - [2023-01-25 23:47:02,484] {dagbag.py:507} INFO - Filling up the DagBag from /opt/airflow/dags/d_1_finalproject_dag.py
[2023-01-25 23:47:02,948] {processor.py:651} INFO - DAG(s) dict_keys(['d_1_finalproject']) retrieved from /opt/airflow/dags/d_1_finalproject_dag.py
[2023-01-25 23:47:02,978] {logging_mixin.py:115} INFO - [2023-01-25 23:47:02,977] {dag.py:2371} INFO - Sync 1 DAGs
[2023-01-25 23:47:02,990] {logging_mixin.py:115} INFO - [2023-01-25 23:47:02,990] {dag.py:2919} INFO - Setting next_dagrun for d_1_finalproject to None, run_after=None
[2023-01-25 23:47:02,998] {processor.py:161} INFO - Processing /opt/airflow/dags/d_1_finalproject_dag.py took 0.523 seconds
[2023-01-25 23:47:33,216] {processor.py:153} INFO - Started process (PID=700) to work on /opt/airflow/dags/d_1_finalproject_dag.py
[2023-01-25 23:47:33,218] {processor.py:641} INFO - Processing file /opt/airflow/dags/d_1_finalproject_dag.py for tasks to queue
[2023-01-25 23:47:33,220] {logging_mixin.py:115} INFO - [2023-01-25 23:47:33,220] {dagbag.py:507} INFO - Filling up the DagBag from /opt/airflow/dags/d_1_finalproject_dag.py
[2023-01-25 23:47:33,680] {processor.py:651} INFO - DAG(s) dict_keys(['d_1_finalproject']) retrieved from /opt/airflow/dags/d_1_finalproject_dag.py
[2023-01-25 23:47:33,700] {logging_mixin.py:115} INFO - [2023-01-25 23:47:33,699] {dag.py:2371} INFO - Sync 1 DAGs
[2023-01-25 23:47:33,713] {logging_mixin.py:115} INFO - [2023-01-25 23:47:33,713] {dag.py:2919} INFO - Setting next_dagrun for d_1_finalproject to None, run_after=None
[2023-01-25 23:47:33,722] {processor.py:161} INFO - Processing /opt/airflow/dags/d_1_finalproject_dag.py took 0.510 seconds
[2023-01-25 23:48:03,915] {processor.py:153} INFO - Started process (PID=729) to work on /opt/airflow/dags/d_1_finalproject_dag.py
[2023-01-25 23:48:03,918] {processor.py:641} INFO - Processing file /opt/airflow/dags/d_1_finalproject_dag.py for tasks to queue
[2023-01-25 23:48:03,920] {logging_mixin.py:115} INFO - [2023-01-25 23:48:03,920] {dagbag.py:507} INFO - Filling up the DagBag from /opt/airflow/dags/d_1_finalproject_dag.py
[2023-01-25 23:48:04,303] {processor.py:651} INFO - DAG(s) dict_keys(['d_1_finalproject']) retrieved from /opt/airflow/dags/d_1_finalproject_dag.py
[2023-01-25 23:48:04,322] {logging_mixin.py:115} INFO - [2023-01-25 23:48:04,322] {dag.py:2371} INFO - Sync 1 DAGs
[2023-01-25 23:48:04,334] {logging_mixin.py:115} INFO - [2023-01-25 23:48:04,334] {dag.py:2919} INFO - Setting next_dagrun for d_1_finalproject to None, run_after=None
[2023-01-25 23:48:04,341] {processor.py:161} INFO - Processing /opt/airflow/dags/d_1_finalproject_dag.py took 0.433 seconds
[2023-01-25 23:48:34,566] {processor.py:153} INFO - Started process (PID=735) to work on /opt/airflow/dags/d_1_finalproject_dag.py
[2023-01-25 23:48:34,569] {processor.py:641} INFO - Processing file /opt/airflow/dags/d_1_finalproject_dag.py for tasks to queue
[2023-01-25 23:48:34,588] {logging_mixin.py:115} INFO - [2023-01-25 23:48:34,588] {dagbag.py:507} INFO - Filling up the DagBag from /opt/airflow/dags/d_1_finalproject_dag.py
[2023-01-25 23:48:35,191] {processor.py:651} INFO - DAG(s) dict_keys(['d_1_finalproject']) retrieved from /opt/airflow/dags/d_1_finalproject_dag.py
[2023-01-25 23:48:35,215] {logging_mixin.py:115} INFO - [2023-01-25 23:48:35,215] {dag.py:2371} INFO - Sync 1 DAGs
[2023-01-25 23:48:35,228] {logging_mixin.py:115} INFO - [2023-01-25 23:48:35,228] {dag.py:2919} INFO - Setting next_dagrun for d_1_finalproject to None, run_after=None
[2023-01-25 23:48:35,237] {processor.py:161} INFO - Processing /opt/airflow/dags/d_1_finalproject_dag.py took 0.682 seconds
[2023-01-25 23:49:05,446] {processor.py:153} INFO - Started process (PID=741) to work on /opt/airflow/dags/d_1_finalproject_dag.py
[2023-01-25 23:49:05,449] {processor.py:641} INFO - Processing file /opt/airflow/dags/d_1_finalproject_dag.py for tasks to queue
[2023-01-25 23:49:05,450] {logging_mixin.py:115} INFO - [2023-01-25 23:49:05,450] {dagbag.py:507} INFO - Filling up the DagBag from /opt/airflow/dags/d_1_finalproject_dag.py
[2023-01-25 23:49:05,903] {processor.py:651} INFO - DAG(s) dict_keys(['d_1_finalproject']) retrieved from /opt/airflow/dags/d_1_finalproject_dag.py
[2023-01-25 23:49:05,936] {logging_mixin.py:115} INFO - [2023-01-25 23:49:05,935] {dag.py:2371} INFO - Sync 1 DAGs
[2023-01-25 23:49:05,950] {logging_mixin.py:115} INFO - [2023-01-25 23:49:05,950] {dag.py:2919} INFO - Setting next_dagrun for d_1_finalproject to None, run_after=None
[2023-01-25 23:49:05,956] {processor.py:161} INFO - Processing /opt/airflow/dags/d_1_finalproject_dag.py took 0.516 seconds
[2023-01-25 23:49:36,187] {processor.py:153} INFO - Started process (PID=747) to work on /opt/airflow/dags/d_1_finalproject_dag.py
[2023-01-25 23:49:36,190] {processor.py:641} INFO - Processing file /opt/airflow/dags/d_1_finalproject_dag.py for tasks to queue
[2023-01-25 23:49:36,191] {logging_mixin.py:115} INFO - [2023-01-25 23:49:36,191] {dagbag.py:507} INFO - Filling up the DagBag from /opt/airflow/dags/d_1_finalproject_dag.py
[2023-01-25 23:49:36,625] {processor.py:651} INFO - DAG(s) dict_keys(['d_1_finalproject']) retrieved from /opt/airflow/dags/d_1_finalproject_dag.py
[2023-01-25 23:49:36,644] {logging_mixin.py:115} INFO - [2023-01-25 23:49:36,644] {dag.py:2371} INFO - Sync 1 DAGs
[2023-01-25 23:49:36,657] {logging_mixin.py:115} INFO - [2023-01-25 23:49:36,657] {dag.py:2919} INFO - Setting next_dagrun for d_1_finalproject to None, run_after=None
[2023-01-25 23:49:36,663] {processor.py:161} INFO - Processing /opt/airflow/dags/d_1_finalproject_dag.py took 0.485 seconds
[2023-01-25 23:50:06,881] {processor.py:153} INFO - Started process (PID=753) to work on /opt/airflow/dags/d_1_finalproject_dag.py
[2023-01-25 23:50:06,886] {processor.py:641} INFO - Processing file /opt/airflow/dags/d_1_finalproject_dag.py for tasks to queue
[2023-01-25 23:50:06,888] {logging_mixin.py:115} INFO - [2023-01-25 23:50:06,888] {dagbag.py:507} INFO - Filling up the DagBag from /opt/airflow/dags/d_1_finalproject_dag.py
[2023-01-25 23:50:07,349] {processor.py:651} INFO - DAG(s) dict_keys(['d_1_finalproject']) retrieved from /opt/airflow/dags/d_1_finalproject_dag.py
[2023-01-25 23:50:07,371] {logging_mixin.py:115} INFO - [2023-01-25 23:50:07,370] {dag.py:2371} INFO - Sync 1 DAGs
[2023-01-25 23:50:07,384] {logging_mixin.py:115} INFO - [2023-01-25 23:50:07,384] {dag.py:2919} INFO - Setting next_dagrun for d_1_finalproject to None, run_after=None
[2023-01-25 23:50:07,392] {processor.py:161} INFO - Processing /opt/airflow/dags/d_1_finalproject_dag.py took 0.519 seconds
[2023-01-25 23:50:37,633] {processor.py:153} INFO - Started process (PID=759) to work on /opt/airflow/dags/d_1_finalproject_dag.py
[2023-01-25 23:50:37,635] {processor.py:641} INFO - Processing file /opt/airflow/dags/d_1_finalproject_dag.py for tasks to queue
[2023-01-25 23:50:37,636] {logging_mixin.py:115} INFO - [2023-01-25 23:50:37,636] {dagbag.py:507} INFO - Filling up the DagBag from /opt/airflow/dags/d_1_finalproject_dag.py
[2023-01-25 23:50:38,099] {processor.py:651} INFO - DAG(s) dict_keys(['d_1_finalproject']) retrieved from /opt/airflow/dags/d_1_finalproject_dag.py
[2023-01-25 23:50:38,119] {logging_mixin.py:115} INFO - [2023-01-25 23:50:38,119] {dag.py:2371} INFO - Sync 1 DAGs
[2023-01-25 23:50:38,133] {logging_mixin.py:115} INFO - [2023-01-25 23:50:38,133] {dag.py:2919} INFO - Setting next_dagrun for d_1_finalproject to None, run_after=None
[2023-01-25 23:50:38,141] {processor.py:161} INFO - Processing /opt/airflow/dags/d_1_finalproject_dag.py took 0.513 seconds
[2023-01-25 23:51:08,236] {processor.py:153} INFO - Started process (PID=765) to work on /opt/airflow/dags/d_1_finalproject_dag.py
[2023-01-25 23:51:08,238] {processor.py:641} INFO - Processing file /opt/airflow/dags/d_1_finalproject_dag.py for tasks to queue
[2023-01-25 23:51:08,240] {logging_mixin.py:115} INFO - [2023-01-25 23:51:08,239] {dagbag.py:507} INFO - Filling up the DagBag from /opt/airflow/dags/d_1_finalproject_dag.py
[2023-01-25 23:51:08,814] {processor.py:651} INFO - DAG(s) dict_keys(['d_1_finalproject']) retrieved from /opt/airflow/dags/d_1_finalproject_dag.py
[2023-01-25 23:51:08,839] {logging_mixin.py:115} INFO - [2023-01-25 23:51:08,839] {dag.py:2371} INFO - Sync 1 DAGs
[2023-01-25 23:51:08,865] {logging_mixin.py:115} INFO - [2023-01-25 23:51:08,865] {dag.py:2919} INFO - Setting next_dagrun for d_1_finalproject to None, run_after=None
[2023-01-25 23:51:08,873] {processor.py:161} INFO - Processing /opt/airflow/dags/d_1_finalproject_dag.py took 0.641 seconds
[2023-01-25 23:51:39,104] {processor.py:153} INFO - Started process (PID=771) to work on /opt/airflow/dags/d_1_finalproject_dag.py
[2023-01-25 23:51:39,106] {processor.py:641} INFO - Processing file /opt/airflow/dags/d_1_finalproject_dag.py for tasks to queue
[2023-01-25 23:51:39,111] {logging_mixin.py:115} INFO - [2023-01-25 23:51:39,111] {dagbag.py:507} INFO - Filling up the DagBag from /opt/airflow/dags/d_1_finalproject_dag.py
[2023-01-25 23:51:39,549] {processor.py:651} INFO - DAG(s) dict_keys(['d_1_finalproject']) retrieved from /opt/airflow/dags/d_1_finalproject_dag.py
[2023-01-25 23:51:39,568] {logging_mixin.py:115} INFO - [2023-01-25 23:51:39,568] {dag.py:2371} INFO - Sync 1 DAGs
[2023-01-25 23:51:39,579] {logging_mixin.py:115} INFO - [2023-01-25 23:51:39,579] {dag.py:2919} INFO - Setting next_dagrun for d_1_finalproject to None, run_after=None
[2023-01-25 23:51:39,586] {processor.py:161} INFO - Processing /opt/airflow/dags/d_1_finalproject_dag.py took 0.488 seconds
[2023-01-25 23:52:09,726] {processor.py:153} INFO - Started process (PID=777) to work on /opt/airflow/dags/d_1_finalproject_dag.py
[2023-01-25 23:52:09,729] {processor.py:641} INFO - Processing file /opt/airflow/dags/d_1_finalproject_dag.py for tasks to queue
[2023-01-25 23:52:09,732] {logging_mixin.py:115} INFO - [2023-01-25 23:52:09,732] {dagbag.py:507} INFO - Filling up the DagBag from /opt/airflow/dags/d_1_finalproject_dag.py
[2023-01-25 23:52:10,198] {processor.py:651} INFO - DAG(s) dict_keys(['d_1_finalproject']) retrieved from /opt/airflow/dags/d_1_finalproject_dag.py
[2023-01-25 23:52:10,221] {logging_mixin.py:115} INFO - [2023-01-25 23:52:10,220] {dag.py:2371} INFO - Sync 1 DAGs
[2023-01-25 23:52:10,234] {logging_mixin.py:115} INFO - [2023-01-25 23:52:10,234] {dag.py:2919} INFO - Setting next_dagrun for d_1_finalproject to None, run_after=None
[2023-01-25 23:52:10,243] {processor.py:161} INFO - Processing /opt/airflow/dags/d_1_finalproject_dag.py took 0.524 seconds
[2023-01-25 23:52:40,461] {processor.py:153} INFO - Started process (PID=795) to work on /opt/airflow/dags/d_1_finalproject_dag.py
[2023-01-25 23:52:40,463] {processor.py:641} INFO - Processing file /opt/airflow/dags/d_1_finalproject_dag.py for tasks to queue
[2023-01-25 23:52:40,465] {logging_mixin.py:115} INFO - [2023-01-25 23:52:40,465] {dagbag.py:507} INFO - Filling up the DagBag from /opt/airflow/dags/d_1_finalproject_dag.py
[2023-01-25 23:52:40,804] {processor.py:651} INFO - DAG(s) dict_keys(['d_1_finalproject']) retrieved from /opt/airflow/dags/d_1_finalproject_dag.py
[2023-01-25 23:52:40,824] {logging_mixin.py:115} INFO - [2023-01-25 23:52:40,823] {dag.py:2371} INFO - Sync 1 DAGs
[2023-01-25 23:52:40,835] {logging_mixin.py:115} INFO - [2023-01-25 23:52:40,835] {dag.py:2919} INFO - Setting next_dagrun for d_1_finalproject to None, run_after=None
[2023-01-25 23:52:40,842] {processor.py:161} INFO - Processing /opt/airflow/dags/d_1_finalproject_dag.py took 0.390 seconds
[2023-01-25 23:53:11,096] {processor.py:153} INFO - Started process (PID=813) to work on /opt/airflow/dags/d_1_finalproject_dag.py
[2023-01-25 23:53:11,100] {processor.py:641} INFO - Processing file /opt/airflow/dags/d_1_finalproject_dag.py for tasks to queue
[2023-01-25 23:53:11,104] {logging_mixin.py:115} INFO - [2023-01-25 23:53:11,104] {dagbag.py:507} INFO - Filling up the DagBag from /opt/airflow/dags/d_1_finalproject_dag.py
[2023-01-25 23:53:11,587] {processor.py:651} INFO - DAG(s) dict_keys(['d_1_finalproject']) retrieved from /opt/airflow/dags/d_1_finalproject_dag.py
[2023-01-25 23:53:11,617] {logging_mixin.py:115} INFO - [2023-01-25 23:53:11,616] {dag.py:2371} INFO - Sync 1 DAGs
[2023-01-25 23:53:11,629] {logging_mixin.py:115} INFO - [2023-01-25 23:53:11,629] {dag.py:2919} INFO - Setting next_dagrun for d_1_finalproject to None, run_after=None
[2023-01-25 23:53:11,637] {processor.py:161} INFO - Processing /opt/airflow/dags/d_1_finalproject_dag.py took 0.545 seconds
[2023-01-25 23:53:41,750] {processor.py:153} INFO - Started process (PID=819) to work on /opt/airflow/dags/d_1_finalproject_dag.py
[2023-01-25 23:53:41,753] {processor.py:641} INFO - Processing file /opt/airflow/dags/d_1_finalproject_dag.py for tasks to queue
[2023-01-25 23:53:41,758] {logging_mixin.py:115} INFO - [2023-01-25 23:53:41,758] {dagbag.py:507} INFO - Filling up the DagBag from /opt/airflow/dags/d_1_finalproject_dag.py
[2023-01-25 23:53:42,258] {processor.py:651} INFO - DAG(s) dict_keys(['d_1_finalproject']) retrieved from /opt/airflow/dags/d_1_finalproject_dag.py
[2023-01-25 23:53:42,281] {logging_mixin.py:115} INFO - [2023-01-25 23:53:42,281] {dag.py:2371} INFO - Sync 1 DAGs
[2023-01-25 23:53:42,304] {logging_mixin.py:115} INFO - [2023-01-25 23:53:42,304] {dag.py:2919} INFO - Setting next_dagrun for d_1_finalproject to None, run_after=None
[2023-01-25 23:53:42,312] {processor.py:161} INFO - Processing /opt/airflow/dags/d_1_finalproject_dag.py took 0.568 seconds
[2023-01-25 23:54:12,632] {processor.py:153} INFO - Started process (PID=837) to work on /opt/airflow/dags/d_1_finalproject_dag.py
[2023-01-25 23:54:12,635] {processor.py:641} INFO - Processing file /opt/airflow/dags/d_1_finalproject_dag.py for tasks to queue
[2023-01-25 23:54:12,636] {logging_mixin.py:115} INFO - [2023-01-25 23:54:12,636] {dagbag.py:507} INFO - Filling up the DagBag from /opt/airflow/dags/d_1_finalproject_dag.py
[2023-01-25 23:54:13,138] {processor.py:651} INFO - DAG(s) dict_keys(['d_1_finalproject']) retrieved from /opt/airflow/dags/d_1_finalproject_dag.py
[2023-01-25 23:54:13,165] {logging_mixin.py:115} INFO - [2023-01-25 23:54:13,165] {dag.py:2371} INFO - Sync 1 DAGs
[2023-01-25 23:54:13,180] {logging_mixin.py:115} INFO - [2023-01-25 23:54:13,180] {dag.py:2919} INFO - Setting next_dagrun for d_1_finalproject to None, run_after=None
[2023-01-25 23:54:13,190] {processor.py:161} INFO - Processing /opt/airflow/dags/d_1_finalproject_dag.py took 0.568 seconds
[2023-01-25 23:54:43,448] {processor.py:153} INFO - Started process (PID=855) to work on /opt/airflow/dags/d_1_finalproject_dag.py
[2023-01-25 23:54:43,452] {processor.py:641} INFO - Processing file /opt/airflow/dags/d_1_finalproject_dag.py for tasks to queue
[2023-01-25 23:54:43,454] {logging_mixin.py:115} INFO - [2023-01-25 23:54:43,454] {dagbag.py:507} INFO - Filling up the DagBag from /opt/airflow/dags/d_1_finalproject_dag.py
[2023-01-25 23:54:43,928] {processor.py:651} INFO - DAG(s) dict_keys(['d_1_finalproject']) retrieved from /opt/airflow/dags/d_1_finalproject_dag.py
[2023-01-25 23:54:43,957] {logging_mixin.py:115} INFO - [2023-01-25 23:54:43,957] {dag.py:2371} INFO - Sync 1 DAGs
[2023-01-25 23:54:43,970] {logging_mixin.py:115} INFO - [2023-01-25 23:54:43,970] {dag.py:2919} INFO - Setting next_dagrun for d_1_finalproject to None, run_after=None
[2023-01-25 23:54:43,982] {processor.py:161} INFO - Processing /opt/airflow/dags/d_1_finalproject_dag.py took 0.545 seconds
[2023-01-25 23:55:14,321] {processor.py:153} INFO - Started process (PID=861) to work on /opt/airflow/dags/d_1_finalproject_dag.py
[2023-01-25 23:55:14,329] {processor.py:641} INFO - Processing file /opt/airflow/dags/d_1_finalproject_dag.py for tasks to queue
[2023-01-25 23:55:14,331] {logging_mixin.py:115} INFO - [2023-01-25 23:55:14,331] {dagbag.py:507} INFO - Filling up the DagBag from /opt/airflow/dags/d_1_finalproject_dag.py
[2023-01-25 23:55:14,996] {processor.py:651} INFO - DAG(s) dict_keys(['d_1_finalproject']) retrieved from /opt/airflow/dags/d_1_finalproject_dag.py
[2023-01-25 23:55:15,017] {logging_mixin.py:115} INFO - [2023-01-25 23:55:15,017] {dag.py:2371} INFO - Sync 1 DAGs
[2023-01-25 23:55:15,031] {logging_mixin.py:115} INFO - [2023-01-25 23:55:15,031] {dag.py:2919} INFO - Setting next_dagrun for d_1_finalproject to None, run_after=None
[2023-01-25 23:55:15,041] {processor.py:161} INFO - Processing /opt/airflow/dags/d_1_finalproject_dag.py took 0.734 seconds
[2023-01-25 23:55:45,373] {processor.py:153} INFO - Started process (PID=867) to work on /opt/airflow/dags/d_1_finalproject_dag.py
[2023-01-25 23:55:45,375] {processor.py:641} INFO - Processing file /opt/airflow/dags/d_1_finalproject_dag.py for tasks to queue
[2023-01-25 23:55:45,376] {logging_mixin.py:115} INFO - [2023-01-25 23:55:45,376] {dagbag.py:507} INFO - Filling up the DagBag from /opt/airflow/dags/d_1_finalproject_dag.py
[2023-01-25 23:55:45,794] {processor.py:651} INFO - DAG(s) dict_keys(['d_1_finalproject']) retrieved from /opt/airflow/dags/d_1_finalproject_dag.py
[2023-01-25 23:55:45,819] {logging_mixin.py:115} INFO - [2023-01-25 23:55:45,818] {dag.py:2371} INFO - Sync 1 DAGs
[2023-01-25 23:55:45,833] {logging_mixin.py:115} INFO - [2023-01-25 23:55:45,833] {dag.py:2919} INFO - Setting next_dagrun for d_1_finalproject to None, run_after=None
[2023-01-25 23:55:45,841] {processor.py:161} INFO - Processing /opt/airflow/dags/d_1_finalproject_dag.py took 0.477 seconds
[2023-01-25 23:56:16,095] {processor.py:153} INFO - Started process (PID=873) to work on /opt/airflow/dags/d_1_finalproject_dag.py
[2023-01-25 23:56:16,098] {processor.py:641} INFO - Processing file /opt/airflow/dags/d_1_finalproject_dag.py for tasks to queue
[2023-01-25 23:56:16,100] {logging_mixin.py:115} INFO - [2023-01-25 23:56:16,100] {dagbag.py:507} INFO - Filling up the DagBag from /opt/airflow/dags/d_1_finalproject_dag.py
[2023-01-25 23:56:16,529] {processor.py:651} INFO - DAG(s) dict_keys(['d_1_finalproject']) retrieved from /opt/airflow/dags/d_1_finalproject_dag.py
[2023-01-25 23:56:16,553] {logging_mixin.py:115} INFO - [2023-01-25 23:56:16,552] {dag.py:2371} INFO - Sync 1 DAGs
[2023-01-25 23:56:16,566] {logging_mixin.py:115} INFO - [2023-01-25 23:56:16,566] {dag.py:2919} INFO - Setting next_dagrun for d_1_finalproject to None, run_after=None
[2023-01-25 23:56:16,573] {processor.py:161} INFO - Processing /opt/airflow/dags/d_1_finalproject_dag.py took 0.488 seconds
[2023-01-25 23:56:46,805] {processor.py:153} INFO - Started process (PID=879) to work on /opt/airflow/dags/d_1_finalproject_dag.py
[2023-01-25 23:56:46,807] {processor.py:641} INFO - Processing file /opt/airflow/dags/d_1_finalproject_dag.py for tasks to queue
[2023-01-25 23:56:46,809] {logging_mixin.py:115} INFO - [2023-01-25 23:56:46,809] {dagbag.py:507} INFO - Filling up the DagBag from /opt/airflow/dags/d_1_finalproject_dag.py
[2023-01-25 23:56:47,422] {processor.py:651} INFO - DAG(s) dict_keys(['d_1_finalproject']) retrieved from /opt/airflow/dags/d_1_finalproject_dag.py
[2023-01-25 23:56:47,460] {logging_mixin.py:115} INFO - [2023-01-25 23:56:47,459] {dag.py:2371} INFO - Sync 1 DAGs
[2023-01-25 23:56:47,475] {logging_mixin.py:115} INFO - [2023-01-25 23:56:47,475] {dag.py:2919} INFO - Setting next_dagrun for d_1_finalproject to None, run_after=None
[2023-01-25 23:56:47,484] {processor.py:161} INFO - Processing /opt/airflow/dags/d_1_finalproject_dag.py took 0.686 seconds
[2023-01-25 23:57:17,718] {processor.py:153} INFO - Started process (PID=885) to work on /opt/airflow/dags/d_1_finalproject_dag.py
[2023-01-25 23:57:17,721] {processor.py:641} INFO - Processing file /opt/airflow/dags/d_1_finalproject_dag.py for tasks to queue
[2023-01-25 23:57:17,722] {logging_mixin.py:115} INFO - [2023-01-25 23:57:17,722] {dagbag.py:507} INFO - Filling up the DagBag from /opt/airflow/dags/d_1_finalproject_dag.py
[2023-01-25 23:57:18,208] {processor.py:651} INFO - DAG(s) dict_keys(['d_1_finalproject']) retrieved from /opt/airflow/dags/d_1_finalproject_dag.py
[2023-01-25 23:57:18,229] {logging_mixin.py:115} INFO - [2023-01-25 23:57:18,228] {dag.py:2371} INFO - Sync 1 DAGs
[2023-01-25 23:57:18,243] {logging_mixin.py:115} INFO - [2023-01-25 23:57:18,243] {dag.py:2919} INFO - Setting next_dagrun for d_1_finalproject to None, run_after=None
[2023-01-25 23:57:18,251] {processor.py:161} INFO - Processing /opt/airflow/dags/d_1_finalproject_dag.py took 0.542 seconds
[2023-01-25 23:57:48,658] {processor.py:153} INFO - Started process (PID=891) to work on /opt/airflow/dags/d_1_finalproject_dag.py
[2023-01-25 23:57:48,675] {processor.py:641} INFO - Processing file /opt/airflow/dags/d_1_finalproject_dag.py for tasks to queue
[2023-01-25 23:57:48,677] {logging_mixin.py:115} INFO - [2023-01-25 23:57:48,677] {dagbag.py:507} INFO - Filling up the DagBag from /opt/airflow/dags/d_1_finalproject_dag.py
[2023-01-25 23:57:49,121] {processor.py:651} INFO - DAG(s) dict_keys(['d_1_finalproject']) retrieved from /opt/airflow/dags/d_1_finalproject_dag.py
[2023-01-25 23:57:49,140] {logging_mixin.py:115} INFO - [2023-01-25 23:57:49,139] {dag.py:2371} INFO - Sync 1 DAGs
[2023-01-25 23:57:49,153] {logging_mixin.py:115} INFO - [2023-01-25 23:57:49,153] {dag.py:2919} INFO - Setting next_dagrun for d_1_finalproject to None, run_after=None
[2023-01-25 23:57:49,161] {processor.py:161} INFO - Processing /opt/airflow/dags/d_1_finalproject_dag.py took 0.507 seconds
[2023-01-25 23:58:19,387] {processor.py:153} INFO - Started process (PID=897) to work on /opt/airflow/dags/d_1_finalproject_dag.py
[2023-01-25 23:58:19,392] {processor.py:641} INFO - Processing file /opt/airflow/dags/d_1_finalproject_dag.py for tasks to queue
[2023-01-25 23:58:19,394] {logging_mixin.py:115} INFO - [2023-01-25 23:58:19,394] {dagbag.py:507} INFO - Filling up the DagBag from /opt/airflow/dags/d_1_finalproject_dag.py
[2023-01-25 23:58:19,817] {processor.py:651} INFO - DAG(s) dict_keys(['d_1_finalproject']) retrieved from /opt/airflow/dags/d_1_finalproject_dag.py
[2023-01-25 23:58:19,839] {logging_mixin.py:115} INFO - [2023-01-25 23:58:19,838] {dag.py:2371} INFO - Sync 1 DAGs
[2023-01-25 23:58:19,852] {logging_mixin.py:115} INFO - [2023-01-25 23:58:19,852] {dag.py:2919} INFO - Setting next_dagrun for d_1_finalproject to None, run_after=None
[2023-01-25 23:58:19,859] {processor.py:161} INFO - Processing /opt/airflow/dags/d_1_finalproject_dag.py took 0.477 seconds
[2023-01-25 23:58:50,142] {processor.py:153} INFO - Started process (PID=903) to work on /opt/airflow/dags/d_1_finalproject_dag.py
[2023-01-25 23:58:50,145] {processor.py:641} INFO - Processing file /opt/airflow/dags/d_1_finalproject_dag.py for tasks to queue
[2023-01-25 23:58:50,147] {logging_mixin.py:115} INFO - [2023-01-25 23:58:50,147] {dagbag.py:507} INFO - Filling up the DagBag from /opt/airflow/dags/d_1_finalproject_dag.py
[2023-01-25 23:58:50,581] {processor.py:651} INFO - DAG(s) dict_keys(['d_1_finalproject']) retrieved from /opt/airflow/dags/d_1_finalproject_dag.py
[2023-01-25 23:58:50,608] {logging_mixin.py:115} INFO - [2023-01-25 23:58:50,608] {dag.py:2371} INFO - Sync 1 DAGs
[2023-01-25 23:58:50,622] {logging_mixin.py:115} INFO - [2023-01-25 23:58:50,622] {dag.py:2919} INFO - Setting next_dagrun for d_1_finalproject to None, run_after=None
[2023-01-25 23:58:50,630] {processor.py:161} INFO - Processing /opt/airflow/dags/d_1_finalproject_dag.py took 0.498 seconds
[2023-01-25 23:59:20,835] {processor.py:153} INFO - Started process (PID=909) to work on /opt/airflow/dags/d_1_finalproject_dag.py
[2023-01-25 23:59:20,837] {processor.py:641} INFO - Processing file /opt/airflow/dags/d_1_finalproject_dag.py for tasks to queue
[2023-01-25 23:59:20,838] {logging_mixin.py:115} INFO - [2023-01-25 23:59:20,838] {dagbag.py:507} INFO - Filling up the DagBag from /opt/airflow/dags/d_1_finalproject_dag.py
[2023-01-25 23:59:21,271] {processor.py:651} INFO - DAG(s) dict_keys(['d_1_finalproject']) retrieved from /opt/airflow/dags/d_1_finalproject_dag.py
[2023-01-25 23:59:21,293] {logging_mixin.py:115} INFO - [2023-01-25 23:59:21,293] {dag.py:2371} INFO - Sync 1 DAGs
[2023-01-25 23:59:21,305] {logging_mixin.py:115} INFO - [2023-01-25 23:59:21,305] {dag.py:2919} INFO - Setting next_dagrun for d_1_finalproject to None, run_after=None
[2023-01-25 23:59:21,312] {processor.py:161} INFO - Processing /opt/airflow/dags/d_1_finalproject_dag.py took 0.481 seconds
[2023-01-25 23:59:51,611] {processor.py:153} INFO - Started process (PID=915) to work on /opt/airflow/dags/d_1_finalproject_dag.py
[2023-01-25 23:59:51,614] {processor.py:641} INFO - Processing file /opt/airflow/dags/d_1_finalproject_dag.py for tasks to queue
[2023-01-25 23:59:51,615] {logging_mixin.py:115} INFO - [2023-01-25 23:59:51,615] {dagbag.py:507} INFO - Filling up the DagBag from /opt/airflow/dags/d_1_finalproject_dag.py
[2023-01-25 23:59:52,106] {processor.py:651} INFO - DAG(s) dict_keys(['d_1_finalproject']) retrieved from /opt/airflow/dags/d_1_finalproject_dag.py
[2023-01-25 23:59:52,130] {logging_mixin.py:115} INFO - [2023-01-25 23:59:52,130] {dag.py:2371} INFO - Sync 1 DAGs
[2023-01-25 23:59:52,149] {logging_mixin.py:115} INFO - [2023-01-25 23:59:52,149] {dag.py:2919} INFO - Setting next_dagrun for d_1_finalproject to None, run_after=None
[2023-01-25 23:59:52,156] {processor.py:161} INFO - Processing /opt/airflow/dags/d_1_finalproject_dag.py took 0.554 seconds
